Log file open, 08/17/19 17:13:18
LogWindows: Failed to load 'aqProf.dll' (GetLastError=126)
LogWindows: File 'aqProf.dll' does not exist
LogWindows: Failed to load 'VtuneApi.dll' (GetLastError=126)
LogWindows: File 'VtuneApi.dll' does not exist
LogWindows: Failed to load 'VtuneApi32e.dll' (GetLastError=126)
LogWindows: File 'VtuneApi32e.dll' does not exist
LogConsoleResponse: Display: Failed to find resolution value strings in scalability ini. Falling back to default.
LogInit: Display: Running engine for game: RTS_Lessons
LogPakFile: Registered encryption key '00000000000000000000000000000000': 0 pak files mounted, 0 remain pending
LogPlatformFile: Not using cached read wrapper
LogTaskGraph: Started task graph with 5 named threads and 23 total threads with 3 sets of task threads.
LogStats: Stats thread started at 0.467823
LogD3D11RHI: Loaded GFSDK_Aftermath_Lib.x64.dll
LogICUInternationalization: ICU TimeZone Detection - Raw Offset: -6:00, Platform Override: ''
LogPluginManager: Mounting plugin Paper2D
LogPluginManager: Mounting plugin AISupport
LogPluginManager: Mounting plugin LightPropagationVolume
LogPluginManager: Mounting plugin ActorLayerUtilities
LogPluginManager: Mounting plugin AnimationSharing
LogPluginManager: Mounting plugin CLionSourceCodeAccess
LogPluginManager: Mounting plugin CodeLiteSourceCodeAccess
LogPluginManager: Mounting plugin GitSourceControl
LogPluginManager: Mounting plugin KDevelopSourceCodeAccess
LogPluginManager: Mounting plugin NullSourceCodeAccess
LogPluginManager: Mounting plugin PerforceSourceControl
LogPluginManager: Mounting plugin SubversionSourceControl
LogPluginManager: Mounting plugin UObjectPlugin
LogPluginManager: Mounting plugin VisualStudioCodeSourceCodeAccess
LogPluginManager: Mounting plugin VisualStudioSourceCodeAccess
LogPluginManager: Mounting plugin XCodeSourceCodeAccess
LogPluginManager: Mounting plugin AssetManagerEditor
LogPluginManager: Mounting plugin CryptoKeys
LogPluginManager: Mounting plugin DataValidation
LogPluginManager: Mounting plugin FacialAnimation
LogPluginManager: Mounting plugin GameplayTagsEditor
LogPluginManager: Mounting plugin MacGraphicsSwitching
LogPluginManager: Mounting plugin MaterialAnalyzer
LogPluginManager: Mounting plugin MobileLauncherProfileWizard
LogPluginManager: Mounting plugin PluginBrowser
LogPluginManager: Mounting plugin SpeedTreeImporter
LogPluginManager: Mounting plugin DatasmithContent
LogPluginManager: Mounting plugin VariantManagerContent
LogPluginManager: Mounting plugin AlembicImporter
LogPluginManager: Mounting plugin AppleImageUtils
LogPluginManager: Mounting plugin AppleVision
LogPluginManager: Mounting plugin BackChannel
LogPluginManager: Mounting plugin CharacterAI
LogPluginManager: Mounting plugin GeometryCache
LogPluginManager: Mounting plugin HTML5Networking
LogPluginManager: Mounting plugin ProxyLODPlugin
LogPluginManager: Mounting plugin SkeletalReduction
LogPluginManager: Mounting plugin MagicLeap
LogPluginManager: Mounting plugin MagicLeapMedia
LogPluginManager: Mounting plugin AndroidMedia
LogPluginManager: Mounting plugin AvfMedia
LogPluginManager: Mounting plugin ImgMedia
LogPluginManager: Mounting plugin LinearTimecode
LogPluginManager: Mounting plugin MediaCompositing
LogPluginManager: Mounting plugin MediaPlayerEditor
LogPluginManager: Mounting plugin WebMMedia
LogPluginManager: Mounting plugin WmfMedia
LogPluginManager: Mounting plugin TcpMessaging
LogPluginManager: Mounting plugin UdpMessaging
LogPluginManager: Mounting plugin ActorSequence
LogPluginManager: Mounting plugin LevelSequenceEditor
LogPluginManager: Mounting plugin MatineeToLevelSequence
LogPluginManager: Mounting plugin NetcodeUnitTest
LogPluginManager: Mounting plugin NUTUnrealEngine4
LogPluginManager: Mounting plugin OnlineSubsystemGooglePlay
LogPluginManager: Mounting plugin OnlineSubsystemIOS
LogPluginManager: Mounting plugin OnlineSubsystem
LogPluginManager: Mounting plugin OnlineSubsystemNull
LogPluginManager: Mounting plugin OnlineSubsystemUtils
LogPluginManager: Mounting plugin LauncherChunkInstaller
LogPluginManager: Mounting plugin AndroidDeviceProfileSelector
LogPluginManager: Mounting plugin AndroidMoviePlayer
LogPluginManager: Mounting plugin AndroidPermission
LogPluginManager: Mounting plugin AppleMoviePlayer
LogPluginManager: Mounting plugin ArchVisCharacter
LogPluginManager: Mounting plugin AudioCapture
LogPluginManager: Mounting plugin CableComponent
LogPluginManager: Mounting plugin CustomMeshComponent
LogPluginManager: Mounting plugin EditableMesh
LogPluginManager: Mounting plugin ExampleDeviceProfileSelector
LogPluginManager: Mounting plugin Firebase
LogPluginManager: Mounting plugin GoogleCloudMessaging
LogPluginManager: Mounting plugin IOSDeviceProfileSelector
LogPluginManager: Mounting plugin LinuxDeviceProfileSelector
LogPluginManager: Mounting plugin LocationServicesBPLibrary
LogPluginManager: Mounting plugin MobilePatchingUtils
LogPluginManager: Mounting plugin OculusVR
LogPluginManager: Mounting plugin PhysXVehicles
LogPluginManager: Mounting plugin ProceduralMeshComponent
LogPluginManager: Mounting plugin RuntimePhysXCooking
LogPluginManager: Mounting plugin SignificanceManager
LogPluginManager: Mounting plugin SteamVR
LogPluginManager: Mounting plugin WebMMoviePlayer
LogPluginManager: Mounting plugin WindowsMoviePlayer
LogInit: Using libcurl 7.55.1-DEV
LogInit:  - built for x86_64-pc-win32
LogInit:  - supports SSL with OpenSSL/1.1.1
LogInit:  - supports HTTP deflate (compression) using libz 1.2.8
LogInit:  - other features:
LogInit:      CURL_VERSION_SSL
LogInit:      CURL_VERSION_LIBZ
LogInit:      CURL_VERSION_IPV6
LogInit:      CURL_VERSION_ASYNCHDNS
LogInit:      CURL_VERSION_LARGEFILE
LogInit:      CURL_VERSION_IDN
LogInit:  CurlRequestOptions (configurable via config and command line):
LogInit:  - bVerifyPeer = true  - Libcurl will verify peer certificate
LogInit:  - bUseHttpProxy = false  - Libcurl will NOT use HTTP proxy
LogInit:  - bDontReuseConnections = false  - Libcurl will reuse connections
LogInit:  - MaxHostConnections = 16  - Libcurl will limit the number of connections to a host
LogInit:  - LocalHostAddr = Default
LogInit:  - BufferSize = 65536
LogInit: WinSock: version 1.1 (2.2), MaxSocks=32767, MaxUdp=65467
LogInit: Build: ++UE4+Release-4.22-CL-7053642
LogInit: Engine Version: 4.22.3-7053642+++UE4+Release-4.22
LogInit: Compatible Engine Version: 4.22.0-5660361+++UE4+Release-4.22
LogInit: Net CL: 5660361
LogInit: OS: Windows 10 (Release 1803) (), CPU: Intel(R) Core(TM) i7-6700HQ CPU @ 2.60GHz, GPU: Intel(R) HD Graphics 530
LogInit: Compiled (64-bit): Jun 18 2019 03:09:11
LogInit: Compiled with Visual C++: 19.16.27025.01
LogInit: Build Configuration: Development
LogInit: Branch Name: ++UE4+Release-4.22
LogInit: Command Line:  -skipcompile
LogInit: Base Directory: C:/Program Files/Epic Games/UE_4.22/Engine/Binaries/Win64/
LogInit: Installed Engine Build: 1
LogDevObjectVersion: Number of dev versions registered: 23
LogDevObjectVersion:   Dev-Blueprints (B0D832E4-1F89-4F0D-ACCF-7EB736FD4AA2): 10
LogDevObjectVersion:   Dev-Build (E1C64328-A22C-4D53-A36C-8E866417BD8C): 0
LogDevObjectVersion:   Dev-Core (375EC13C-06E4-48FB-B500-84F0262A717E): 3
LogDevObjectVersion:   Dev-Editor (E4B068ED-F494-42E9-A231-DA0B2E46BB41): 30
LogDevObjectVersion:   Dev-Framework (CFFC743F-43B0-4480-9391-14DF171D2073): 35
LogDevObjectVersion:   Dev-Mobile (B02B49B5-BB20-44E9-A304-32B752E40360): 2
LogDevObjectVersion:   Dev-Networking (A4E4105C-59A1-49B5-A7C5-40C4547EDFEE): 0
LogDevObjectVersion:   Dev-Online (39C831C9-5AE6-47DC-9A44-9C173E1C8E7C): 0
LogDevObjectVersion:   Dev-Physics (78F01B33-EBEA-4F98-B9B4-84EACCB95AA2): 0
LogDevObjectVersion:   Dev-Platform (6631380F-2D4D-43E0-8009-CF276956A95A): 0
LogDevObjectVersion:   Dev-Rendering (12F88B9F-8875-4AFC-A67C-D90C383ABD29): 28
LogDevObjectVersion:   Dev-Sequencer (7B5AE74C-D270-4C10-A958-57980B212A5A): 11
LogDevObjectVersion:   Dev-VR (D7296918-1DD6-4BDD-9DE2-64A83CC13884): 2
LogDevObjectVersion:   Dev-LoadTimes (C2A15278-BFE7-4AFE-6C17-90FF531DF755): 1
LogDevObjectVersion:   Private-Geometry (6EACA3D4-40EC-4CC1-B786-8BED09428FC5): 3
LogDevObjectVersion:   Dev-AnimPhys (29E575DD-E0A3-4627-9D10-D276232CDCEA): 17
LogDevObjectVersion:   Dev-Anim (AF43A65D-7FD3-4947-9873-3E8ED9C1BB05): 2
LogDevObjectVersion:   Dev-ReflectionCapture (6B266CEC-1EC7-4B8F-A30B-E4D90942FC07): 1
LogDevObjectVersion:   Dev-Automation (0DF73D61-A23F-47EA-B727-89E90C41499A): 1
LogDevObjectVersion:   FortniteMain (601D1886-AC64-4F84-AA16-D3DE0DEAC7D6): 25
LogDevObjectVersion:   Dev-Enterprise (9DFFBCD6-494F-0158-E221-12823C92A888): 6
LogDevObjectVersion:   Dev-Niagara (F2AED0AC-9AFE-416F-8664-AA7FFA26D6FC): 1
LogDevObjectVersion:   Dev-Destruction (174F1F0B-B4C6-45A5-B13F-2EE8D0FB917D): 2
LogInit: Presizing for max 16777216 objects, including 0 objects not considered by GC, pre-allocating 0 bytes for permanent pool.
LogInit: Object subsystem initialized
LogConfig: Setting CVar [[con.DebugEarlyDefault:1]]
LogConfig: Setting CVar [[r.setres:1280x720]]
[2019.08.17-22.13.18:906][  0]LogConfig: Setting CVar [[r.VSync:0]]
[2019.08.17-22.13.18:906][  0]LogConfig: Setting CVar [[r.RHICmdBypass:0]]
[2019.08.17-22.13.18:907][  0]LogConfig: Applying CVar settings from Section [/Script/Engine.RendererSettings] File [D:/SystemFoldersHolder/DocumentsHolder/Unreal Projects/UsingGit/RTS_Lessons/Saved/Config/Windows/Engine.ini]
[2019.08.17-22.13.18:907][  0]LogConfig: Setting CVar [[r.GPUCrashDebugging:0]]
[2019.08.17-22.13.18:907][  0]LogConfig: Applying CVar settings from Section [/Script/Engine.RendererOverrideSettings] File [D:/SystemFoldersHolder/DocumentsHolder/Unreal Projects/UsingGit/RTS_Lessons/Saved/Config/Windows/Engine.ini]
[2019.08.17-22.13.18:907][  0]LogConfig: Applying CVar settings from Section [/Script/Engine.StreamingSettings] File [D:/SystemFoldersHolder/DocumentsHolder/Unreal Projects/UsingGit/RTS_Lessons/Saved/Config/Windows/Engine.ini]
[2019.08.17-22.13.18:907][  0]LogConfig: Setting CVar [[s.MinBulkDataSizeForAsyncLoading:131072]]
[2019.08.17-22.13.18:907][  0]LogConfig: Setting CVar [[s.AsyncLoadingThreadEnabled:0]]
[2019.08.17-22.13.18:907][  0]LogConfig: Setting CVar [[s.EventDrivenLoaderEnabled:1]]
[2019.08.17-22.13.18:907][  0]LogConfig: Setting CVar [[s.WarnIfTimeLimitExceeded:0]]
[2019.08.17-22.13.18:907][  0]LogConfig: Setting CVar [[s.TimeLimitExceededMultiplier:1.5]]
[2019.08.17-22.13.18:907][  0]LogConfig: Setting CVar [[s.TimeLimitExceededMinTime:0.005]]
[2019.08.17-22.13.18:907][  0]LogConfig: Setting CVar [[s.UseBackgroundLevelStreaming:1]]
[2019.08.17-22.13.18:908][  0]LogConfig: Setting CVar [[s.PriorityAsyncLoadingExtraTime:15.0]]
[2019.08.17-22.13.18:908][  0]LogConfig: Setting CVar [[s.LevelStreamingActorsUpdateTimeLimit:5.0]]
[2019.08.17-22.13.18:908][  0]LogConfig: Setting CVar [[s.PriorityLevelStreamingActorsUpdateExtraTime:5.0]]
[2019.08.17-22.13.18:908][  0]LogConfig: Setting CVar [[s.LevelStreamingComponentsRegistrationGranularity:10]]
[2019.08.17-22.13.18:908][  0]LogConfig: Setting CVar [[s.UnregisterComponentsTimeLimit:1.0]]
[2019.08.17-22.13.18:908][  0]LogConfig: Setting CVar [[s.LevelStreamingComponentsUnregistrationGranularity:5]]
[2019.08.17-22.13.18:908][  0]LogConfig: Applying CVar settings from Section [/Script/Engine.GarbageCollectionSettings] File [D:/SystemFoldersHolder/DocumentsHolder/Unreal Projects/UsingGit/RTS_Lessons/Saved/Config/Windows/Engine.ini]
[2019.08.17-22.13.18:908][  0]LogConfig: Setting CVar [[gc.MaxObjectsNotConsideredByGC:1]]
[2019.08.17-22.13.18:908][  0]LogConfig: Setting CVar [[gc.SizeOfPermanentObjectPool:0]]
[2019.08.17-22.13.18:908][  0]LogConfig: Setting CVar [[gc.FlushStreamingOnGC:0]]
[2019.08.17-22.13.18:908][  0]LogConfig: Setting CVar [[gc.NumRetriesBeforeForcingGC:10]]
[2019.08.17-22.13.18:908][  0]LogConfig: Setting CVar [[gc.AllowParallelGC:1]]
[2019.08.17-22.13.18:909][  0]LogConfig: Setting CVar [[gc.TimeBetweenPurgingPendingKillObjects:61.1]]
[2019.08.17-22.13.18:909][  0]LogConfig: Setting CVar [[gc.MaxObjectsInEditor:16777216]]
[2019.08.17-22.13.18:909][  0]LogConfig: Setting CVar [[gc.IncrementalBeginDestroyEnabled:1]]
[2019.08.17-22.13.18:909][  0]LogConfig: Setting CVar [[gc.CreateGCClusters:1]]
[2019.08.17-22.13.18:909][  0]LogConfig: Setting CVar [[gc.MinGCClusterSize:5]]
[2019.08.17-22.13.18:909][  0]LogConfig: Setting CVar [[gc.ActorClusteringEnabled:0]]
[2019.08.17-22.13.18:909][  0]LogConfig: Setting CVar [[gc.BlueprintClusteringEnabled:0]]
[2019.08.17-22.13.18:909][  0]LogConfig: Setting CVar [[gc.UseDisregardForGCOnDedicatedServers:0]]
[2019.08.17-22.13.18:909][  0]LogConfig: Applying CVar settings from Section [/Script/Engine.NetworkSettings] File [D:/SystemFoldersHolder/DocumentsHolder/Unreal Projects/UsingGit/RTS_Lessons/Saved/Config/Windows/Engine.ini]
[2019.08.17-22.13.18:909][  0]LogConfig: Applying CVar settings from Section [/Script/UnrealEd.CookerSettings] File [D:/SystemFoldersHolder/DocumentsHolder/Unreal Projects/UsingGit/RTS_Lessons/Saved/Config/Windows/Engine.ini]
[2019.08.17-22.13.18:919][  0]LogConfig: Applying CVar settings from Section [ViewDistanceQuality@3] File [D:/SystemFoldersHolder/DocumentsHolder/Unreal Projects/UsingGit/RTS_Lessons/Saved/Config/Windows/Scalability.ini]
[2019.08.17-22.13.18:919][  0]LogConfig: Setting CVar [[r.SkeletalMeshLODBias:0]]
[2019.08.17-22.13.18:919][  0]LogConfig: Setting CVar [[r.ViewDistanceScale:1.0]]
[2019.08.17-22.13.18:919][  0]LogConfig: Applying CVar settings from Section [AntiAliasingQuality@3] File [D:/SystemFoldersHolder/DocumentsHolder/Unreal Projects/UsingGit/RTS_Lessons/Saved/Config/Windows/Scalability.ini]
[2019.08.17-22.13.18:919][  0]LogConfig: Setting CVar [[r.PostProcessAAQuality:4]]
[2019.08.17-22.13.18:920][  0]LogConfig: Applying CVar settings from Section [ShadowQuality@3] File [D:/SystemFoldersHolder/DocumentsHolder/Unreal Projects/UsingGit/RTS_Lessons/Saved/Config/Windows/Scalability.ini]
[2019.08.17-22.13.18:920][  0]LogConfig: Setting CVar [[r.LightFunctionQuality:1]]
[2019.08.17-22.13.18:920][  0]LogConfig: Setting CVar [[r.ShadowQuality:5]]
[2019.08.17-22.13.18:920][  0]LogConfig: Setting CVar [[r.Shadow.CSM.MaxCascades:10]]
[2019.08.17-22.13.18:920][  0]LogConfig: Setting CVar [[r.Shadow.MaxResolution:2048]]
[2019.08.17-22.13.18:920][  0]LogConfig: Setting CVar [[r.Shadow.MaxCSMResolution:2048]]
[2019.08.17-22.13.18:920][  0]LogConfig: Setting CVar [[r.Shadow.RadiusThreshold:0.01]]
[2019.08.17-22.13.18:920][  0]LogConfig: Setting CVar [[r.Shadow.DistanceScale:1.0]]
[2019.08.17-22.13.18:921][  0]LogConfig: Setting CVar [[r.Shadow.CSM.TransitionScale:1.0]]
[2019.08.17-22.13.18:921][  0]LogConfig: Setting CVar [[r.Shadow.PreShadowResolutionFactor:1.0]]
[2019.08.17-22.13.18:921][  0]LogConfig: Setting CVar [[r.DistanceFieldShadowing:1]]
[2019.08.17-22.13.18:921][  0]LogConfig: Setting CVar [[r.DistanceFieldAO:1]]
[2019.08.17-22.13.18:921][  0]LogConfig: Setting CVar [[r.AOQuality:2]]
[2019.08.17-22.13.18:921][  0]LogConfig: Setting CVar [[r.VolumetricFog:1]]
[2019.08.17-22.13.18:921][  0]LogConfig: Setting CVar [[r.VolumetricFog.GridPixelSize:8]]
[2019.08.17-22.13.18:921][  0]LogConfig: Setting CVar [[r.VolumetricFog.GridSizeZ:128]]
[2019.08.17-22.13.18:921][  0]LogConfig: Setting CVar [[r.VolumetricFog.HistoryMissSupersampleCount:4]]
[2019.08.17-22.13.18:922][  0]LogConfig: Setting CVar [[r.LightMaxDrawDistanceScale:1]]
[2019.08.17-22.13.18:922][  0]LogConfig: Setting CVar [[r.CapsuleShadows:1]]
[2019.08.17-22.13.18:922][  0]LogConfig: Applying CVar settings from Section [PostProcessQuality@3] File [D:/SystemFoldersHolder/DocumentsHolder/Unreal Projects/UsingGit/RTS_Lessons/Saved/Config/Windows/Scalability.ini]
[2019.08.17-22.13.18:922][  0]LogConfig: Setting CVar [[r.MotionBlurQuality:4]]
[2019.08.17-22.13.18:922][  0]LogConfig: Setting CVar [[r.AmbientOcclusionMipLevelFactor:0.4]]
[2019.08.17-22.13.18:922][  0]LogConfig: Setting CVar [[r.AmbientOcclusionMaxQuality:100]]
[2019.08.17-22.13.18:922][  0]LogConfig: Setting CVar [[r.AmbientOcclusionLevels:-1]]
[2019.08.17-22.13.18:922][  0]LogConfig: Setting CVar [[r.AmbientOcclusionRadiusScale:1.0]]
[2019.08.17-22.13.18:922][  0]LogConfig: Setting CVar [[r.DepthOfFieldQuality:2]]
[2019.08.17-22.13.18:922][  0]LogConfig: Setting CVar [[r.RenderTargetPoolMin:400]]
[2019.08.17-22.13.18:922][  0]LogConfig: Setting CVar [[r.LensFlareQuality:2]]
[2019.08.17-22.13.18:923][  0]LogConfig: Setting CVar [[r.SceneColorFringeQuality:1]]
[2019.08.17-22.13.18:923][  0]LogConfig: Setting CVar [[r.EyeAdaptationQuality:2]]
[2019.08.17-22.13.18:923][  0]LogConfig: Setting CVar [[r.BloomQuality:5]]
[2019.08.17-22.13.18:923][  0]LogConfig: Setting CVar [[r.FastBlurThreshold:100]]
[2019.08.17-22.13.18:923][  0]LogConfig: Setting CVar [[r.Upscale.Quality:3]]
[2019.08.17-22.13.18:923][  0]LogConfig: Setting CVar [[r.Tonemapper.GrainQuantization:1]]
[2019.08.17-22.13.18:923][  0]LogConfig: Setting CVar [[r.LightShaftQuality:1]]
[2019.08.17-22.13.18:923][  0]LogConfig: Setting CVar [[r.Filter.SizeScale:1]]
[2019.08.17-22.13.18:923][  0]LogConfig: Setting CVar [[r.Tonemapper.Quality:5]]
[2019.08.17-22.13.18:923][  0]LogConfig: Setting CVar [[r.DOF.Gather.AccumulatorQuality:1        ; higher gathering accumulator quality]]
[2019.08.17-22.13.18:923][  0]LogConfig: Setting CVar [[r.DOF.Gather.PostfilterMethod:1          ; Median3x3 postfilering method]]
[2019.08.17-22.13.18:924][  0]LogConfig: Setting CVar [[r.DOF.Gather.EnableBokehSettings:0       ; no bokeh simulation when gathering]]
[2019.08.17-22.13.18:924][  0]LogConfig: Setting CVar [[r.DOF.Gather.RingCount:4                 ; medium number of samples when gathering]]
[2019.08.17-22.13.18:924][  0]LogConfig: Setting CVar [[r.DOF.Scatter.ForegroundCompositing:1    ; additive foreground scattering]]
[2019.08.17-22.13.18:924][  0]LogConfig: Setting CVar [[r.DOF.Scatter.BackgroundCompositing:2    ; additive background scattering]]
[2019.08.17-22.13.18:924][  0]LogConfig: Setting CVar [[r.DOF.Scatter.EnableBokehSettings:1      ; bokeh simulation when scattering]]
[2019.08.17-22.13.18:924][  0]LogConfig: Setting CVar [[r.DOF.Scatter.MaxSpriteRatio:0.1         ; only a maximum of 10% of scattered bokeh]]
[2019.08.17-22.13.18:924][  0]LogConfig: Setting CVar [[r.DOF.Recombine.Quality:1                ; cheap slight out of focus]]
[2019.08.17-22.13.18:924][  0]LogConfig: Setting CVar [[r.DOF.Recombine.EnableBokehSettings:0    ; no bokeh simulation on slight out of focus]]
[2019.08.17-22.13.18:924][  0]LogConfig: Setting CVar [[r.DOF.TemporalAAQuality:1                ; more stable temporal accumulation]]
[2019.08.17-22.13.18:924][  0]LogConfig: Setting CVar [[r.DOF.Kernel.MaxForegroundRadius:0.025]]
[2019.08.17-22.13.18:924][  0]LogConfig: Setting CVar [[r.DOF.Kernel.MaxBackgroundRadius:0.025]]
[2019.08.17-22.13.18:925][  0]LogConfig: Applying CVar settings from Section [TextureQuality@3] File [D:/SystemFoldersHolder/DocumentsHolder/Unreal Projects/UsingGit/RTS_Lessons/Saved/Config/Windows/Scalability.ini]
[2019.08.17-22.13.18:925][  0]LogConfig: Setting CVar [[r.Streaming.MipBias:0]]
[2019.08.17-22.13.18:925][  0]LogConfig: Setting CVar [[r.Streaming.AmortizeCPUToGPUCopy:0]]
[2019.08.17-22.13.18:925][  0]LogConfig: Setting CVar [[r.Streaming.MaxNumTexturesToStreamPerFrame:0]]
[2019.08.17-22.13.18:925][  0]LogConfig: Setting CVar [[r.Streaming.Boost:1]]
[2019.08.17-22.13.18:925][  0]LogConfig: Setting CVar [[r.MaxAnisotropy:8]]
[2019.08.17-22.13.18:925][  0]LogConfig: Setting CVar [[r.Streaming.LimitPoolSizeToVRAM:0]]
[2019.08.17-22.13.18:926][  0]LogConfig: Setting CVar [[r.Streaming.PoolSize:1000]]
[2019.08.17-22.13.18:926][  0]LogConfig: Setting CVar [[r.Streaming.MaxEffectiveScreenSize:0]]
[2019.08.17-22.13.18:926][  0]LogConfig: Applying CVar settings from Section [EffectsQuality@3] File [D:/SystemFoldersHolder/DocumentsHolder/Unreal Projects/UsingGit/RTS_Lessons/Saved/Config/Windows/Scalability.ini]
[2019.08.17-22.13.18:926][  0]LogConfig: Setting CVar [[r.TranslucencyLightingVolumeDim:64]]
[2019.08.17-22.13.18:926][  0]LogConfig: Setting CVar [[r.RefractionQuality:2]]
[2019.08.17-22.13.18:926][  0]LogConfig: Setting CVar [[r.SSR.Quality:3]]
[2019.08.17-22.13.18:926][  0]LogConfig: Setting CVar [[r.SceneColorFormat:4]]
[2019.08.17-22.13.18:926][  0]LogConfig: Setting CVar [[r.DetailMode:2]]
[2019.08.17-22.13.18:926][  0]LogConfig: Setting CVar [[r.TranslucencyVolumeBlur:1]]
[2019.08.17-22.13.18:926][  0]LogConfig: Setting CVar [[r.MaterialQualityLevel:1 ; High quality]]
[2019.08.17-22.13.18:926][  0]LogConfig: Setting CVar [[r.SSS.Scale:1]]
[2019.08.17-22.13.18:926][  0]LogConfig: Setting CVar [[r.SSS.SampleSet:2]]
[2019.08.17-22.13.18:926][  0]LogConfig: Setting CVar [[r.SSS.Quality:1]]
[2019.08.17-22.13.18:927][  0]LogConfig: Setting CVar [[r.SSS.HalfRes:1]]
[2019.08.17-22.13.18:927][  0]LogConfig: Setting CVar [[r.EmitterSpawnRateScale:1.0]]
[2019.08.17-22.13.18:927][  0]LogConfig: Setting CVar [[r.ParticleLightQuality:2]]
[2019.08.17-22.13.18:927][  0]LogConfig: Applying CVar settings from Section [FoliageQuality@3] File [D:/SystemFoldersHolder/DocumentsHolder/Unreal Projects/UsingGit/RTS_Lessons/Saved/Config/Windows/Scalability.ini]
[2019.08.17-22.13.18:927][  0]LogConfig: Setting CVar [[foliage.DensityScale:1.0]]
[2019.08.17-22.13.18:927][  0]LogConfig: Setting CVar [[grass.DensityScale:1.0]]
[2019.08.17-22.13.18:927][  0]LogInit: Selected Device Profile: [Windows]
[2019.08.17-22.13.18:927][  0]LogInit: Applying CVar settings loaded from the selected device profile: [Windows]
[2019.08.17-22.13.18:949][  0]LogHAL: Display: Platform has ~ 16 GB [17086119936 / 17179869184 / 16], which maps to Larger [LargestMinGB=32, LargerMinGB=12, DefaultMinGB=8, SmallerMinGB=6, SmallestMinGB=0)
[2019.08.17-22.13.18:949][  0]LogConfig: Setting CVar [[r.Vulkan.UseRealUBs:0		; Required until we fix HLR fall-out]]
[2019.08.17-22.13.18:949][  0]LogInit: Going up to parent DeviceProfile []
[2019.08.17-22.13.18:949][  0]LogConfig: Applying CVar settings from Section [ViewDistanceQuality@3] File [D:/SystemFoldersHolder/DocumentsHolder/Unreal Projects/UsingGit/RTS_Lessons/Saved/Config/Windows/Scalability.ini]
[2019.08.17-22.13.18:949][  0]LogConfig: Setting CVar [[r.SkeletalMeshLODBias:0]]
[2019.08.17-22.13.18:949][  0]LogConfig: Setting CVar [[r.ViewDistanceScale:1.0]]
[2019.08.17-22.13.18:949][  0]LogConfig: Applying CVar settings from Section [AntiAliasingQuality@3] File [D:/SystemFoldersHolder/DocumentsHolder/Unreal Projects/UsingGit/RTS_Lessons/Saved/Config/Windows/Scalability.ini]
[2019.08.17-22.13.18:949][  0]LogConfig: Setting CVar [[r.PostProcessAAQuality:4]]
[2019.08.17-22.13.18:950][  0]LogConfig: Applying CVar settings from Section [ShadowQuality@3] File [D:/SystemFoldersHolder/DocumentsHolder/Unreal Projects/UsingGit/RTS_Lessons/Saved/Config/Windows/Scalability.ini]
[2019.08.17-22.13.18:950][  0]LogConfig: Setting CVar [[r.LightFunctionQuality:1]]
[2019.08.17-22.13.18:950][  0]LogConfig: Setting CVar [[r.ShadowQuality:5]]
[2019.08.17-22.13.18:950][  0]LogConfig: Setting CVar [[r.Shadow.CSM.MaxCascades:10]]
[2019.08.17-22.13.18:950][  0]LogConfig: Setting CVar [[r.Shadow.MaxResolution:2048]]
[2019.08.17-22.13.18:950][  0]LogConfig: Setting CVar [[r.Shadow.MaxCSMResolution:2048]]
[2019.08.17-22.13.18:950][  0]LogConfig: Setting CVar [[r.Shadow.RadiusThreshold:0.01]]
[2019.08.17-22.13.18:950][  0]LogConfig: Setting CVar [[r.Shadow.DistanceScale:1.0]]
[2019.08.17-22.13.18:950][  0]LogConfig: Setting CVar [[r.Shadow.CSM.TransitionScale:1.0]]
[2019.08.17-22.13.18:950][  0]LogConfig: Setting CVar [[r.Shadow.PreShadowResolutionFactor:1.0]]
[2019.08.17-22.13.18:950][  0]LogConfig: Setting CVar [[r.DistanceFieldShadowing:1]]
[2019.08.17-22.13.18:950][  0]LogConfig: Setting CVar [[r.DistanceFieldAO:1]]
[2019.08.17-22.13.18:950][  0]LogConfig: Setting CVar [[r.AOQuality:2]]
[2019.08.17-22.13.18:950][  0]LogConfig: Setting CVar [[r.VolumetricFog:1]]
[2019.08.17-22.13.18:950][  0]LogConfig: Setting CVar [[r.VolumetricFog.GridPixelSize:8]]
[2019.08.17-22.13.18:950][  0]LogConfig: Setting CVar [[r.VolumetricFog.GridSizeZ:128]]
[2019.08.17-22.13.18:951][  0]LogConfig: Setting CVar [[r.VolumetricFog.HistoryMissSupersampleCount:4]]
[2019.08.17-22.13.18:951][  0]LogConfig: Setting CVar [[r.LightMaxDrawDistanceScale:1]]
[2019.08.17-22.13.18:951][  0]LogConfig: Setting CVar [[r.CapsuleShadows:1]]
[2019.08.17-22.13.18:951][  0]LogConfig: Applying CVar settings from Section [PostProcessQuality@3] File [D:/SystemFoldersHolder/DocumentsHolder/Unreal Projects/UsingGit/RTS_Lessons/Saved/Config/Windows/Scalability.ini]
[2019.08.17-22.13.18:951][  0]LogConfig: Setting CVar [[r.MotionBlurQuality:4]]
[2019.08.17-22.13.18:951][  0]LogConfig: Setting CVar [[r.AmbientOcclusionMipLevelFactor:0.4]]
[2019.08.17-22.13.18:951][  0]LogConfig: Setting CVar [[r.AmbientOcclusionMaxQuality:100]]
[2019.08.17-22.13.18:951][  0]LogConfig: Setting CVar [[r.AmbientOcclusionLevels:-1]]
[2019.08.17-22.13.18:951][  0]LogConfig: Setting CVar [[r.AmbientOcclusionRadiusScale:1.0]]
[2019.08.17-22.13.18:951][  0]LogConfig: Setting CVar [[r.DepthOfFieldQuality:2]]
[2019.08.17-22.13.18:951][  0]LogConfig: Setting CVar [[r.RenderTargetPoolMin:400]]
[2019.08.17-22.13.18:951][  0]LogConfig: Setting CVar [[r.LensFlareQuality:2]]
[2019.08.17-22.13.18:952][  0]LogConfig: Setting CVar [[r.SceneColorFringeQuality:1]]
[2019.08.17-22.13.18:952][  0]LogConfig: Setting CVar [[r.EyeAdaptationQuality:2]]
[2019.08.17-22.13.18:952][  0]LogConfig: Setting CVar [[r.BloomQuality:5]]
[2019.08.17-22.13.18:952][  0]LogConfig: Setting CVar [[r.FastBlurThreshold:100]]
[2019.08.17-22.13.18:952][  0]LogConfig: Setting CVar [[r.Upscale.Quality:3]]
[2019.08.17-22.13.18:952][  0]LogConfig: Setting CVar [[r.Tonemapper.GrainQuantization:1]]
[2019.08.17-22.13.18:952][  0]LogConfig: Setting CVar [[r.LightShaftQuality:1]]
[2019.08.17-22.13.18:952][  0]LogConfig: Setting CVar [[r.Filter.SizeScale:1]]
[2019.08.17-22.13.18:952][  0]LogConfig: Setting CVar [[r.Tonemapper.Quality:5]]
[2019.08.17-22.13.18:953][  0]LogConfig: Setting CVar [[r.DOF.Gather.AccumulatorQuality:1        ; higher gathering accumulator quality]]
[2019.08.17-22.13.18:953][  0]LogConfig: Setting CVar [[r.DOF.Gather.PostfilterMethod:1          ; Median3x3 postfilering method]]
[2019.08.17-22.13.18:953][  0]LogConfig: Setting CVar [[r.DOF.Gather.EnableBokehSettings:0       ; no bokeh simulation when gathering]]
[2019.08.17-22.13.18:953][  0]LogConfig: Setting CVar [[r.DOF.Gather.RingCount:4                 ; medium number of samples when gathering]]
[2019.08.17-22.13.18:953][  0]LogConfig: Setting CVar [[r.DOF.Scatter.ForegroundCompositing:1    ; additive foreground scattering]]
[2019.08.17-22.13.18:953][  0]LogConfig: Setting CVar [[r.DOF.Scatter.BackgroundCompositing:2    ; additive background scattering]]
[2019.08.17-22.13.18:953][  0]LogConfig: Setting CVar [[r.DOF.Scatter.EnableBokehSettings:1      ; bokeh simulation when scattering]]
[2019.08.17-22.13.18:953][  0]LogConfig: Setting CVar [[r.DOF.Scatter.MaxSpriteRatio:0.1         ; only a maximum of 10% of scattered bokeh]]
[2019.08.17-22.13.18:953][  0]LogConfig: Setting CVar [[r.DOF.Recombine.Quality:1                ; cheap slight out of focus]]
[2019.08.17-22.13.18:953][  0]LogConfig: Setting CVar [[r.DOF.Recombine.EnableBokehSettings:0    ; no bokeh simulation on slight out of focus]]
[2019.08.17-22.13.18:953][  0]LogConfig: Setting CVar [[r.DOF.TemporalAAQuality:1                ; more stable temporal accumulation]]
[2019.08.17-22.13.18:954][  0]LogConfig: Setting CVar [[r.DOF.Kernel.MaxForegroundRadius:0.025]]
[2019.08.17-22.13.18:954][  0]LogConfig: Setting CVar [[r.DOF.Kernel.MaxBackgroundRadius:0.025]]
[2019.08.17-22.13.18:954][  0]LogConfig: Applying CVar settings from Section [TextureQuality@3] File [D:/SystemFoldersHolder/DocumentsHolder/Unreal Projects/UsingGit/RTS_Lessons/Saved/Config/Windows/Scalability.ini]
[2019.08.17-22.13.18:954][  0]LogConfig: Setting CVar [[r.Streaming.MipBias:0]]
[2019.08.17-22.13.18:954][  0]LogConfig: Setting CVar [[r.Streaming.AmortizeCPUToGPUCopy:0]]
[2019.08.17-22.13.18:954][  0]LogConfig: Setting CVar [[r.Streaming.MaxNumTexturesToStreamPerFrame:0]]
[2019.08.17-22.13.18:954][  0]LogConfig: Setting CVar [[r.Streaming.Boost:1]]
[2019.08.17-22.13.18:954][  0]LogConfig: Setting CVar [[r.MaxAnisotropy:8]]
[2019.08.17-22.13.18:954][  0]LogConfig: Setting CVar [[r.Streaming.LimitPoolSizeToVRAM:0]]
[2019.08.17-22.13.18:954][  0]LogConfig: Setting CVar [[r.Streaming.PoolSize:1000]]
[2019.08.17-22.13.18:955][  0]LogConfig: Setting CVar [[r.Streaming.MaxEffectiveScreenSize:0]]
[2019.08.17-22.13.18:955][  0]LogConfig: Applying CVar settings from Section [EffectsQuality@3] File [D:/SystemFoldersHolder/DocumentsHolder/Unreal Projects/UsingGit/RTS_Lessons/Saved/Config/Windows/Scalability.ini]
[2019.08.17-22.13.18:955][  0]LogConfig: Setting CVar [[r.TranslucencyLightingVolumeDim:64]]
[2019.08.17-22.13.18:955][  0]LogConfig: Setting CVar [[r.RefractionQuality:2]]
[2019.08.17-22.13.18:955][  0]LogConfig: Setting CVar [[r.SSR.Quality:3]]
[2019.08.17-22.13.18:955][  0]LogConfig: Setting CVar [[r.SceneColorFormat:4]]
[2019.08.17-22.13.18:955][  0]LogConfig: Setting CVar [[r.DetailMode:2]]
[2019.08.17-22.13.18:955][  0]LogConfig: Setting CVar [[r.TranslucencyVolumeBlur:1]]
[2019.08.17-22.13.18:955][  0]LogConfig: Setting CVar [[r.MaterialQualityLevel:1 ; High quality]]
[2019.08.17-22.13.18:955][  0]LogConfig: Setting CVar [[r.SSS.Scale:1]]
[2019.08.17-22.13.18:956][  0]LogConfig: Setting CVar [[r.SSS.SampleSet:2]]
[2019.08.17-22.13.18:956][  0]LogConfig: Setting CVar [[r.SSS.Quality:1]]
[2019.08.17-22.13.18:956][  0]LogConfig: Setting CVar [[r.SSS.HalfRes:1]]
[2019.08.17-22.13.18:956][  0]LogConfig: Setting CVar [[r.EmitterSpawnRateScale:1.0]]
[2019.08.17-22.13.18:956][  0]LogConfig: Setting CVar [[r.ParticleLightQuality:2]]
[2019.08.17-22.13.18:956][  0]LogConfig: Applying CVar settings from Section [FoliageQuality@3] File [D:/SystemFoldersHolder/DocumentsHolder/Unreal Projects/UsingGit/RTS_Lessons/Saved/Config/Windows/Scalability.ini]
[2019.08.17-22.13.18:956][  0]LogConfig: Setting CVar [[foliage.DensityScale:1.0]]
[2019.08.17-22.13.18:956][  0]LogConfig: Setting CVar [[grass.DensityScale:1.0]]
[2019.08.17-22.13.18:956][  0]LogConfig: Applying CVar settings from Section [Startup] File [../../../Engine/Config/ConsoleVariables.ini]
[2019.08.17-22.13.18:957][  0]LogConfig: Setting CVar [[net.UseAdaptiveNetUpdateFrequency:0]]
[2019.08.17-22.13.18:957][  0]LogConfig: Setting CVar [[p.chaos.AllowCreatePhysxBodies:1]]
[2019.08.17-22.13.18:957][  0]LogConfig: Applying CVar settings from Section [ConsoleVariables] File [D:/SystemFoldersHolder/DocumentsHolder/Unreal Projects/UsingGit/RTS_Lessons/Saved/Config/Windows/Engine.ini]
[2019.08.17-22.13.18:957][  0]LogInit: Computer: LAPTOP-JLM-EH7T
[2019.08.17-22.13.18:957][  0]LogInit: User: User
[2019.08.17-22.13.18:957][  0]LogInit: CPU Page size=4096, Cores=4
[2019.08.17-22.13.18:958][  0]LogInit: High frequency timer resolution =2.531247 MHz
[2019.08.17-22.13.18:958][  0]LogMemory: Memory total: Physical=15.9GB (16GB approx)
[2019.08.17-22.13.18:958][  0]LogMemory: Platform Memory Stats for Windows
[2019.08.17-22.13.18:958][  0]LogMemory: Process Physical Memory: 96.38 MB used, 96.38 MB peak
[2019.08.17-22.13.18:958][  0]LogMemory: Process Virtual Memory: 90.65 MB used, 90.65 MB peak
[2019.08.17-22.13.18:958][  0]LogMemory: Physical Memory: 10091.73 MB used,  6202.86 MB free, 16294.59 MB total
[2019.08.17-22.13.18:959][  0]LogMemory: Virtual Memory: 4660.69 MB used,  134213064.00 MB free, 134217728.00 MB total
[2019.08.17-22.13.19:329][  0]LogInit: Using OS detected language (en-US).
[2019.08.17-22.13.19:329][  0]LogInit: Using OS detected locale (en-US).
[2019.08.17-22.13.19:331][  0]LogTextLocalizationManager: No specific localization for 'en-US' exists, so the 'en' localization will be used.
[2019.08.17-22.13.19:565][  0]LogInit: Setting process to per monitor DPI aware
[2019.08.17-22.13.19:629][  0]LogSlate: New Slate User Created.  User Index 0, Is Virtual User: 0
[2019.08.17-22.13.19:629][  0]LogSlate: Slate User Registered.  User Index 0, Is Virtual User: 0
[2019.08.17-22.13.19:897][  0]LogHMD: Failed to initialize OpenVR with code 110
[2019.08.17-22.13.19:897][  0]LogD3D11RHI: D3D11 adapters:
[2019.08.17-22.13.19:996][  0]LogD3D11RHI:    0. 'NVIDIA GeForce GTX 970M' (Feature Level 11_0)
[2019.08.17-22.13.19:996][  0]LogD3D11RHI:       3032/0/8147 MB DedicatedVideo/DedicatedSystem/SharedSystem, Outputs:1, VendorId:0x10de
[2019.08.17-22.13.20:015][  0]LogD3D11RHI:    1. 'Intel(R) HD Graphics 530' (Feature Level 11_0)
[2019.08.17-22.13.20:015][  0]LogD3D11RHI:       128/0/8147 MB DedicatedVideo/DedicatedSystem/SharedSystem, Outputs:0, VendorId:0x8086
[2019.08.17-22.13.20:023][  0]LogD3D11RHI:    2. 'Microsoft Basic Render Driver' (Feature Level 11_0)
[2019.08.17-22.13.20:023][  0]LogD3D11RHI:       0/0/8147 MB DedicatedVideo/DedicatedSystem/SharedSystem, Outputs:0, VendorId:0x1414
[2019.08.17-22.13.20:024][  0]LogD3D11RHI: Chosen D3D11 Adapter: 0
[2019.08.17-22.13.20:075][  0]LogD3D11RHI: Creating new Direct3DDevice
[2019.08.17-22.13.20:076][  0]LogD3D11RHI:     GPU DeviceId: 0x13d8 (for the marketing name, search the web for "GPU Device Id")
[2019.08.17-22.13.20:076][  0]LogWindows: EnumDisplayDevices:
[2019.08.17-22.13.20:076][  0]LogWindows:    0. 'Intel(R) HD Graphics 530' (P:1 D:1)
[2019.08.17-22.13.20:076][  0]LogWindows:    1. 'Intel(R) HD Graphics 530' (P:0 D:0)
[2019.08.17-22.13.20:077][  0]LogWindows:    2. 'Intel(R) HD Graphics 530' (P:0 D:0)
[2019.08.17-22.13.20:077][  0]LogWindows: DebugString: PrimaryIsNotTheChoosenAdapter PrimaryIsNotTheChoosenAdapter PrimaryIsNotTheChoosenAdapter FoundDriverCount:0 
[2019.08.17-22.13.20:077][  0]LogD3D11RHI:     Adapter Name: NVIDIA GeForce GTX 970M
[2019.08.17-22.13.20:078][  0]LogD3D11RHI:   Driver Version: Unknown (internal:Unknown, unified:Unknown)
[2019.08.17-22.13.20:078][  0]LogD3D11RHI:      Driver Date: Unknown
[2019.08.17-22.13.20:078][  0]LogRHI: Texture pool is 2122 MB (70% of 3032 MB)
[2019.08.17-22.13.20:138][  0]LogD3D11RHI: Async texture creation enabled
[2019.08.17-22.13.20:150][  0]LogRendererCore: FGlobalReadBuffer::InitRHI
[2019.08.17-22.13.20:151][  0]LogRendererCore: FGlobalReadBuffer::InitRHI
[2019.08.17-22.13.20:151][  0]LogRendererCore: FGlobalReadBuffer::InitRHI
[2019.08.17-22.13.20:160][  0]LogD3D11RHI: GPU Timing Frequency: 1000.000000 (Debug: 2 1)
[2019.08.17-22.13.20:540][  0]LogTemp: Display: Module 'AllDesktopTargetPlatform' loaded TargetPlatform 'AllDesktop'
[2019.08.17-22.13.20:558][  0]LogTemp: Display: Module 'MacClientTargetPlatform' loaded TargetPlatform 'MacClient'
[2019.08.17-22.13.20:583][  0]LogTemp: Display: Module 'MacNoEditorTargetPlatform' loaded TargetPlatform 'MacNoEditor'
[2019.08.17-22.13.20:602][  0]LogTemp: Display: Module 'MacServerTargetPlatform' loaded TargetPlatform 'MacServer'
[2019.08.17-22.13.20:622][  0]LogTemp: Display: Module 'MacTargetPlatform' loaded TargetPlatform 'Mac'
[2019.08.17-22.13.20:642][  0]LogTemp: Display: Module 'WindowsClientTargetPlatform' loaded TargetPlatform 'WindowsClient'
[2019.08.17-22.13.20:664][  0]LogTemp: Display: Module 'WindowsNoEditorTargetPlatform' loaded TargetPlatform 'WindowsNoEditor'
[2019.08.17-22.13.20:686][  0]LogTemp: Display: Module 'WindowsServerTargetPlatform' loaded TargetPlatform 'WindowsServer'
[2019.08.17-22.13.20:700][  0]LogTemp: Display: Module 'WindowsTargetPlatform' loaded TargetPlatform 'Windows'
[2019.08.17-22.13.20:810][  0]LogTemp: Display: Module 'AndroidTargetPlatform' loaded TargetPlatform 'Android'
[2019.08.17-22.13.20:810][  0]LogTemp: Display: Module 'AndroidTargetPlatform' loaded TargetPlatform 'Android_ASTC'
[2019.08.17-22.13.20:810][  0]LogTemp: Display: Module 'AndroidTargetPlatform' loaded TargetPlatform 'Android_ATC'
[2019.08.17-22.13.20:810][  0]LogTemp: Display: Module 'AndroidTargetPlatform' loaded TargetPlatform 'Android_DXT'
[2019.08.17-22.13.20:810][  0]LogTemp: Display: Module 'AndroidTargetPlatform' loaded TargetPlatform 'Android_ETC1'
[2019.08.17-22.13.20:811][  0]LogTemp: Display: Module 'AndroidTargetPlatform' loaded TargetPlatform 'Android_ETC1a'
[2019.08.17-22.13.20:811][  0]LogTemp: Display: Module 'AndroidTargetPlatform' loaded TargetPlatform 'Android_ETC2'
[2019.08.17-22.13.20:811][  0]LogTemp: Display: Module 'AndroidTargetPlatform' loaded TargetPlatform 'Android_PVRTC'
[2019.08.17-22.13.20:811][  0]LogTemp: Display: Module 'AndroidTargetPlatform' loaded TargetPlatform 'AndroidClient'
[2019.08.17-22.13.20:811][  0]LogTemp: Display: Module 'AndroidTargetPlatform' loaded TargetPlatform 'Android_ASTCClient'
[2019.08.17-22.13.20:811][  0]LogTemp: Display: Module 'AndroidTargetPlatform' loaded TargetPlatform 'Android_ATCClient'
[2019.08.17-22.13.20:811][  0]LogTemp: Display: Module 'AndroidTargetPlatform' loaded TargetPlatform 'Android_DXTClient'
[2019.08.17-22.13.20:811][  0]LogTemp: Display: Module 'AndroidTargetPlatform' loaded TargetPlatform 'Android_ETC1Client'
[2019.08.17-22.13.20:811][  0]LogTemp: Display: Module 'AndroidTargetPlatform' loaded TargetPlatform 'Android_ETC1aClient'
[2019.08.17-22.13.20:811][  0]LogTemp: Display: Module 'AndroidTargetPlatform' loaded TargetPlatform 'Android_ETC2Client'
[2019.08.17-22.13.20:812][  0]LogTemp: Display: Module 'AndroidTargetPlatform' loaded TargetPlatform 'Android_PVRTCClient'
[2019.08.17-22.13.20:812][  0]LogTemp: Display: Module 'AndroidTargetPlatform' loaded TargetPlatform 'Android_Multi'
[2019.08.17-22.13.20:812][  0]LogTemp: Display: Module 'AndroidTargetPlatform' loaded TargetPlatform 'Android_MultiClient'
[2019.08.17-22.13.20:816][  0]LogTemp: Display: Module 'HTML5TargetPlatform' loaded TargetPlatform 'HTML5'
[2019.08.17-22.13.20:886][  0]LogTemp: Display: Module 'IOSTargetPlatform' loaded TargetPlatform 'IOSClient'
[2019.08.17-22.13.20:886][  0]LogTemp: Display: Module 'IOSTargetPlatform' loaded TargetPlatform 'IOS'
[2019.08.17-22.13.20:920][  0]LogTemp: Display: Module 'TVOSTargetPlatform' loaded TargetPlatform 'TVOSClient'
[2019.08.17-22.13.20:921][  0]LogTemp: Display: Module 'TVOSTargetPlatform' loaded TargetPlatform 'TVOS'
[2019.08.17-22.13.20:939][  0]LogTemp: Display: Module 'LinuxClientTargetPlatform' loaded TargetPlatform 'LinuxClient'
[2019.08.17-22.13.20:956][  0]LogTemp: Display: Module 'LinuxNoEditorTargetPlatform' loaded TargetPlatform 'LinuxNoEditor'
[2019.08.17-22.13.20:972][  0]LogTemp: Display: Module 'LinuxServerTargetPlatform' loaded TargetPlatform 'LinuxServer'
[2019.08.17-22.13.20:988][  0]LogTemp: Display: Module 'LinuxTargetPlatform' loaded TargetPlatform 'Linux'
[2019.08.17-22.13.21:044][  0]LogTemp: Display: Module 'LuminTargetPlatform' loaded TargetPlatform 'Lumin'
[2019.08.17-22.13.21:044][  0]LogTemp: Display: Module 'LuminTargetPlatform' loaded TargetPlatform 'LuminClient'
[2019.08.17-22.13.21:044][  0]LogTargetPlatformManager: Display: Building Assets For Windows
[2019.08.17-22.13.21:063][  0]LogAudioDebug: Display: Lib vorbis DLL was dynamically loaded.
[2019.08.17-22.13.21:188][  0]LogShaderCompilers: Guid format shader working directory is -31 characters bigger than the processId version (D:/SystemFoldersHolder/DocumentsHolder/Unreal Projects/UsingGit/RTS_Lessons/Intermediate/Shaders/WorkingDirectory/12304/).
[2019.08.17-22.13.21:188][  0]LogShaderCompilers: Cleaned the shader compiler working directory 'C:/Users/User/AppData/Local/Temp/UnrealShaderWorkingDir/D819116B49A30988FBE3D4AC026C8BE0/'.
[2019.08.17-22.13.21:192][  0]LogXGEController: Cleaning working directory: C:/Users/User/AppData/Local/Temp/UnrealXGEWorkingDir/
[2019.08.17-22.13.21:192][  0]LogXGEController: Cannot use XGE Controller as Incredibuild is not installed on this machine.
[2019.08.17-22.13.21:192][  0]LogShaderCompilers: Cannot use XGE Shader Compiler as Incredibuild is not installed on this machine.
[2019.08.17-22.13.21:192][  0]LogShaderCompilers: Display: Using Local Shader Compiler.
[2019.08.17-22.13.21:904][  0]LogDerivedDataCache: Display: Max Cache Size: 512 MB
[2019.08.17-22.13.21:970][  0]LogDerivedDataCache: Loaded boot cache 0.07s 71MB C:/Users/User/AppData/Local/UnrealEngine/4.22/DerivedDataCache/Boot.ddc.
[2019.08.17-22.13.21:970][  0]LogDerivedDataCache: Display: Loaded Boot cache: C:/Users/User/AppData/Local/UnrealEngine/4.22/DerivedDataCache/Boot.ddc
[2019.08.17-22.13.21:971][  0]LogDerivedDataCache: FDerivedDataBackendGraph:  Pak pak cache file D:/SystemFoldersHolder/DocumentsHolder/Unreal Projects/UsingGit/RTS_Lessons/DerivedDataCache/DDC.ddp not found, will not use a pak cache.
[2019.08.17-22.13.21:971][  0]LogDerivedDataCache: Unable to find inner node Pak for hierarchical cache Hierarchy.
[2019.08.17-22.13.21:971][  0]LogDerivedDataCache: FDerivedDataBackendGraph:  CompressedPak pak cache file D:/SystemFoldersHolder/DocumentsHolder/Unreal Projects/UsingGit/RTS_Lessons/DerivedDataCache/Compressed.ddp not found, will not use a pak cache.
[2019.08.17-22.13.21:971][  0]LogDerivedDataCache: Unable to find inner node CompressedPak for hierarchical cache Hierarchy.
[2019.08.17-22.13.21:987][  0]LogDerivedDataCache: Display: Pak cache opened for reading ../../../Engine/DerivedDataCache/Compressed.ddp.
[2019.08.17-22.13.21:987][  0]LogDerivedDataCache: FDerivedDataBackendGraph:  EnterprisePak pak cache file ../../../Enterprise/DerivedDataCache/Compressed.ddp not found, will not use a pak cache.
[2019.08.17-22.13.21:987][  0]LogDerivedDataCache: Unable to find inner node EnterprisePak for hierarchical cache Hierarchy.
[2019.08.17-22.13.22:001][  0]LogDerivedDataCache: Using Local data cache path C:/Users/User/AppData/Local/UnrealEngine/Common/DerivedDataCache: Writable
[2019.08.17-22.13.22:002][  0]LogDerivedDataCache: Shared data cache path not found in *engine.ini, will not use an Shared cache.
[2019.08.17-22.13.22:002][  0]LogDerivedDataCache: Unable to find inner node Shared for hierarchical cache Hierarchy.
[2019.08.17-22.13.22:035][  0]LogMaterial: Verifying Global Shaders for PCD3D_SM5
[2019.08.17-22.13.22:037][  0]LogSlate: Using FreeType 2.6.0
[2019.08.17-22.13.22:038][  0]LogSlate: SlateFontServices - WITH_FREETYPE: 1, WITH_HARFBUZZ: 1
[2019.08.17-22.13.22:138][  0]LogAssetRegistry: FAssetRegistry took 0.0387 seconds to start up
[2019.08.17-22.13.22:522][  0]LogInit: Selected Device Profile: [Windows]
[2019.08.17-22.13.22:726][  0]LogMeshReduction: Using QuadricMeshReduction for automatic static mesh reduction
[2019.08.17-22.13.22:726][  0]LogMeshReduction: Using SimplygonMeshReduction for automatic skeletal mesh reduction
[2019.08.17-22.13.22:727][  0]LogMeshReduction: Using ProxyLODMeshReduction for automatic mesh merging
[2019.08.17-22.13.22:727][  0]LogMeshReduction: No distributed automatic mesh merging module available
[2019.08.17-22.13.22:727][  0]LogMeshMerging: No distributed automatic mesh merging module available
[2019.08.17-22.13.22:741][  0]LogNetVersion: RTS_Lessons 1.0.0, NetCL: 5660361, EngineNetVer: 10, GameNetVer: 0 (Checksum: 1402424288)
[2019.08.17-22.13.23:239][  0]LogPackageLocalizationCache: Processed 10 localized package path(s) for 1 prioritized culture(s) in 0.050884 seconds
[2019.08.17-22.13.23:246][  0]LogUObjectArray: 42205 objects as part of root set at end of initial load.
[2019.08.17-22.13.23:246][  0]LogUObjectAllocator: 7325032 out of 0 bytes used by permanent object pool.
[2019.08.17-22.13.23:246][  0]LogUObjectArray: CloseDisregardForGC: 0/0 objects in disregard for GC pool
[2019.08.17-22.13.24:426][  0]LogTcpMessaging: Initializing TcpMessaging bridge
[2019.08.17-22.13.24:444][  0]LogUdpMessaging: Initializing bridge on interface 0.0.0.0:0 to multicast group 230.0.0.1:6666.
[2019.08.17-22.13.24:627][  0]LogLinker: Warning: Can't find file '/Game/Blueprints/CameraPawnBase'
[2019.08.17-22.13.24:628][  0]LogLinker: Warning: Can't find file '/Game/Blueprints/CameraPawnBase'
[2019.08.17-22.13.24:628][  0]LogUObjectGlobals: Warning: Failed to find object 'Class /Game/Blueprints/CameraPawnBase.CameraPawnBase_C'
[2019.08.17-22.13.24:628][  0]Error: CDO Constructor (RTS_LessonsGameMode): Failed to find /Game/Blueprints/CameraPawnBase.CameraPawnBase_C

[2019.08.17-22.13.24:628][  0]LogUObjectBase: Warning: -------------- Default Property warnings and errors:
[2019.08.17-22.13.24:628][  0]LogUObjectBase: Warning: Error: CDO Constructor (RTS_LessonsGameMode): Failed to find /Game/Blueprints/CameraPawnBase.CameraPawnBase_C

[2019.08.17-22.13.24:668][  0]LogWindowsTextInputMethodSystem: Display: IME system now deactivated.
[2019.08.17-22.13.27:047][  0]LogWindowsTextInputMethodSystem: Display: IME system now deactivated.
[2019.08.17-22.13.27:050][  0]LogWindowsTextInputMethodSystem: Display: IME system now deactivated.
[2019.08.17-22.13.27:118][  0]SourceControl: Source control is disabled
[2019.08.17-22.13.27:118][  0]SourceControl: Source control is disabled
[2019.08.17-22.13.27:123][  0]SourceControl: Source control is disabled
[2019.08.17-22.13.27:127][  0]SourceControl: Source control is disabled
[2019.08.17-22.13.27:320][  0]LogAndroidPermission: UAndroidPermissionCallbackProxy::GetInstance
[2019.08.17-22.13.27:527][  0]LogOcInput: OculusInput pre-init called
[2019.08.17-22.13.28:340][  0]LogEngine: Initializing Engine...
[2019.08.17-22.13.28:341][  0]LogHMD: Failed to initialize OpenVR with code 110
[2019.08.17-22.13.28:342][  0]LogStats: UGameplayTagsManager::InitializeManager -  0.000 s
[2019.08.17-22.13.28:588][  0]LogInit: Initializing FReadOnlyCVARCache
[2019.08.17-22.13.28:613][  0]LogAIModule: Creating AISystem for world Untitled
[2019.08.17-22.13.28:646][  0]LogInit: XAudio2 using 'Speakers (6- USB Audio Device)' : 2 channels at 48 kHz using 16 bits per sample (channel mask 0x3)
[2019.08.17-22.13.28:702][  0]LogInit: FAudioDevice initialized.
[2019.08.17-22.13.28:703][  0]LogNetVersion: Set ProjectVersion to 1.0.0.0. Version Checksum will be recalculated on next use.
[2019.08.17-22.13.28:787][  0]LogDerivedDataCache: Saved boot cache 0.09s 71MB C:/Users/User/AppData/Local/UnrealEngine/4.22/DerivedDataCache/Boot.ddc.
[2019.08.17-22.13.28:793][  0]LogInit: Texture streaming: Enabled
[2019.08.17-22.13.28:826][  0]LogEngineSessionManager: EngineSessionManager initialized
[2019.08.17-22.13.28:854][  0]LogInit: Transaction tracking system initialized
[2019.08.17-22.13.28:899][  0]BlueprintLog: New page: Editor Load
[2019.08.17-22.13.29:075][  0]LocalizationService: Localization service is disabled
[2019.08.17-22.13.29:225][  0]LogLinker: Warning: Asset 'D:/SystemFoldersHolder/DocumentsHolder/Unreal Projects/UsingGit/RTS_Lessons/Content/TopDownCPP/TopDownOverview.uasset' has been saved with empty engine version. The asset will be loaded but may be incompatible.
[2019.08.17-22.13.29:504][  0]LogFileCache: Scanning file cache for directory 'D:/SystemFoldersHolder/DocumentsHolder/Unreal Projects/UsingGit/RTS_Lessons/Content/' took 0.02s
[2019.08.17-22.13.29:505][  0]LogCook: Display: Max memory allowance for cook 16384mb min free memory 0mb
[2019.08.17-22.13.29:505][  0]LogCook: Display: Mobile HDR setting 1
[2019.08.17-22.13.29:813][  0]SourceControl: Source control is disabled
[2019.08.17-22.13.29:814][  0]Cmd: MAP LOAD FILE="D:/SystemFoldersHolder/DocumentsHolder/Unreal Projects/UsingGit/RTS_Lessons/Content/TopDownCPP/Maps/TopDownExampleMap.umap" TEMPLATE=0 SHOWPROGRESS=1 FEATURELEVEL=3
[2019.08.17-22.13.29:877][  0]LightingResults: New page: Lighting Build
[2019.08.17-22.13.29:882][  0]MapCheck: New page: Map Check
[2019.08.17-22.13.29:882][  0]LightingResults: New page: Lighting Build
[2019.08.17-22.13.29:911][  0]LogUObjectHash: Compacting FUObjectHashTables data took   1.64ms
[2019.08.17-22.13.30:252][  0]LogAIModule: Creating AISystem for world TopDownExampleMap
[2019.08.17-22.13.30:265][  0]LogEditorServer: Finished looking for orphan Actors (0.000 secs)
[2019.08.17-22.13.30:295][  0]LogUObjectHash: Compacting FUObjectHashTables data took   2.16ms
[2019.08.17-22.13.30:295][  0]Cmd: MAP CHECKDEP NOCLEARLOG
[2019.08.17-22.13.30:295][  0]MapCheck: Map check complete: 0 Error(s), 0 Warning(s), took 0.256ms to complete.
[2019.08.17-22.13.30:295][  0]LogFileHelpers: Loading map 'TopDownExampleMap' took 0.482
[2019.08.17-22.13.30:460][  0]LogSlate: Updating window title bar state: overlay mode, drag disabled, window buttons hidden, title bar hidden
[2019.08.17-22.13.30:470][  0]LogSlate: Updating window title bar state: overlay mode, drag disabled, window buttons hidden, title bar hidden
[2019.08.17-22.13.30:482][  0]LogSlate: Updating window title bar state: overlay mode, drag disabled, window buttons hidden, title bar hidden
[2019.08.17-22.13.30:491][  0]LogSlate: Updating window title bar state: overlay mode, drag disabled, window buttons hidden, title bar hidden
[2019.08.17-22.13.30:588][  0]LogCollectionManager: Loaded 0 collections in 0.002040 seconds
[2019.08.17-22.13.30:624][  0]LogFileCache: Scanning file cache for directory 'D:/SystemFoldersHolder/DocumentsHolder/Unreal Projects/UsingGit/RTS_Lessons/Saved/Collections/' took 0.01s
[2019.08.17-22.13.30:625][  0]LogFileCache: Scanning file cache for directory 'D:/SystemFoldersHolder/DocumentsHolder/Unreal Projects/UsingGit/RTS_Lessons/Content/Developers/User/Collections/' took 0.00s
[2019.08.17-22.13.30:625][  0]LogFileCache: Scanning file cache for directory 'D:/SystemFoldersHolder/DocumentsHolder/Unreal Projects/UsingGit/RTS_Lessons/Content/Collections/' took 0.01s
[2019.08.17-22.13.30:625][  0]LogCollectionManager: Rebuilt the GUID cache for 0 collections in 0.000000 seconds
[2019.08.17-22.13.30:636][  0]LogContentBrowser: Native class hierarchy populated in 0.0113 seconds. Added 2738 classes and 663 folders.
[2019.08.17-22.13.30:647][  0]LogContentBrowser: Native class hierarchy updated for 'WidgetCarousel' in 0.0004 seconds. Added 0 classes and 0 folders.
[2019.08.17-22.13.30:659][  0]LogPakFile: Registered encryption key '00000000000000000000000000000000': 0 pak files mounted, 0 remain pending
[2019.08.17-22.13.30:667][  0]LogPakFile: Registered encryption key '00000000000000000000000000000000': 0 pak files mounted, 0 remain pending
[2019.08.17-22.13.30:684][  0]LogPakFile: Registered encryption key '00000000000000000000000000000000': 0 pak files mounted, 0 remain pending
[2019.08.17-22.13.30:691][  0]LogPakFile: Registered encryption key '00000000000000000000000000000000': 0 pak files mounted, 0 remain pending
[2019.08.17-22.13.30:699][  0]LogPakFile: Registered encryption key '00000000000000000000000000000000': 0 pak files mounted, 0 remain pending
[2019.08.17-22.13.30:705][  0]LogPakFile: Registered encryption key '00000000000000000000000000000000': 0 pak files mounted, 0 remain pending
[2019.08.17-22.13.30:711][  0]LogPakFile: Registered encryption key '00000000000000000000000000000000': 0 pak files mounted, 0 remain pending
[2019.08.17-22.13.30:718][  0]LogPakFile: Registered encryption key '00000000000000000000000000000000': 0 pak files mounted, 0 remain pending
[2019.08.17-22.13.30:726][  0]LogPakFile: Registered encryption key '00000000000000000000000000000000': 0 pak files mounted, 0 remain pending
[2019.08.17-22.13.30:741][  0]LogPakFile: Registered encryption key '00000000000000000000000000000000': 0 pak files mounted, 0 remain pending
[2019.08.17-22.13.30:758][  0]LogPakFile: Registered encryption key '00000000000000000000000000000000': 0 pak files mounted, 0 remain pending
[2019.08.17-22.13.30:765][  0]LogPakFile: Registered encryption key '00000000000000000000000000000000': 0 pak files mounted, 0 remain pending
[2019.08.17-22.13.30:772][  0]LogPakFile: Registered encryption key '00000000000000000000000000000000': 0 pak files mounted, 0 remain pending
[2019.08.17-22.13.30:779][  0]LogPakFile: Registered encryption key '00000000000000000000000000000000': 0 pak files mounted, 0 remain pending
[2019.08.17-22.13.30:786][  0]LogPakFile: Registered encryption key '00000000000000000000000000000000': 0 pak files mounted, 0 remain pending
[2019.08.17-22.13.30:792][  0]LogPakFile: Registered encryption key '00000000000000000000000000000000': 0 pak files mounted, 0 remain pending
[2019.08.17-22.13.30:826][  0]LogPakFile: Registered encryption key '00000000000000000000000000000000': 0 pak files mounted, 0 remain pending
[2019.08.17-22.13.30:833][  0]LogPakFile: Registered encryption key '00000000000000000000000000000000': 0 pak files mounted, 0 remain pending
[2019.08.17-22.13.30:841][  0]LogPakFile: Registered encryption key '00000000000000000000000000000000': 0 pak files mounted, 0 remain pending
[2019.08.17-22.13.30:848][  0]LogPakFile: Registered encryption key '00000000000000000000000000000000': 0 pak files mounted, 0 remain pending
[2019.08.17-22.13.30:856][  0]LogPakFile: Registered encryption key '00000000000000000000000000000000': 0 pak files mounted, 0 remain pending
[2019.08.17-22.13.30:863][  0]LogPakFile: Registered encryption key '00000000000000000000000000000000': 0 pak files mounted, 0 remain pending
[2019.08.17-22.13.30:871][  0]LogPakFile: Registered encryption key '00000000000000000000000000000000': 0 pak files mounted, 0 remain pending
[2019.08.17-22.13.30:878][  0]LogPakFile: Registered encryption key '00000000000000000000000000000000': 0 pak files mounted, 0 remain pending
[2019.08.17-22.13.30:885][  0]LogPakFile: Registered encryption key '00000000000000000000000000000000': 0 pak files mounted, 0 remain pending
[2019.08.17-22.13.30:892][  0]LogPakFile: Registered encryption key '00000000000000000000000000000000': 0 pak files mounted, 0 remain pending
[2019.08.17-22.13.31:065][  0]LogContentBrowser: Native class hierarchy updated for 'AddContentDialog' in 0.0003 seconds. Added 0 classes and 0 folders.
[2019.08.17-22.13.32:455][  0]LogSlate: Only BGRA pngs, bmps or icos are supported in by External Image Picker
[2019.08.17-22.13.32:481][  0]LogSlate: Took 0.000197 seconds to synchronously load lazily loaded font '../../../Engine/Content/Slate/Fonts/Roboto-Regular.ttf' (155K)
[2019.08.17-22.13.32:485][  0]LogSlate: Took 0.000209 seconds to synchronously load lazily loaded font '../../../Engine/Content/Slate/Fonts/Roboto-Bold.ttf' (160K)
[2019.08.17-22.13.32:500][  0]LogSlate: Took 0.006838 seconds to synchronously load lazily loaded font '../../../Engine/Content/Editor/Slate/Fonts/FontAwesome.ttf' (139K)
[2019.08.17-22.13.32:631][  0]LogRenderer: Reallocating scene render targets to support 736x404 Format 10 NumSamples 1 (Frame:1).
[2019.08.17-22.13.32:722][  0]LogSlate: Took 0.007505 seconds to synchronously load lazily loaded font '../../../Engine/Content/Slate/Fonts/Roboto-Light.ttf' (167K)
[2019.08.17-22.13.32:834][  0]LogContentBrowser: Native class hierarchy updated for 'HierarchicalLODOutliner' in 0.0004 seconds. Added 0 classes and 0 folders.
[2019.08.17-22.13.32:834][  0]LogLoad: (Engine Initialization) Total time: 16.70 seconds
[2019.08.17-22.13.32:834][  0]LogLoad: (Engine Initialization) Total Blueprint compile time: 0.00 seconds
[2019.08.17-22.13.33:041][  0]LogAssetRegistry: Asset discovery search completed in 10.9294 seconds
[2019.08.17-22.13.33:043][  0]LogCollectionManager: Rebuilt the object cache for 0 collections in 0.000000 seconds (found 0 objects)
[2019.08.17-22.13.33:043][  0]LogCollectionManager: Fixed up redirectors for 0 collections in 0.000273 seconds (updated 0 objects)
[2019.08.17-22.13.33:046][  0]LogContentStreaming: Texture pool size now 1000 MB
[2019.08.17-22.13.38:125][301]LogSlate: FSceneViewport::OnFocusLost() reason 2
[2019.08.17-22.13.45:862][761]Candidate modules for hot reload:
[2019.08.17-22.13.45:862][761]  RTS_Lessons
[2019.08.17-22.13.45:862][761]Launching UnrealBuildTool... [C:/Program Files/Epic Games/UE_4.22/Engine/Binaries/DotNET/UnrealBuildTool.exe  -ModuleWithSuffix=RTS_Lessons,856 Win64 Development -TargetType=Editor -Project="D:/SystemFoldersHolder/DocumentsHolder/Unreal Projects/UsingGit/RTS_Lessons/RTS_Lessons.uproject" "D:/SystemFoldersHolder/DocumentsHolder/Unreal Projects/UsingGit/RTS_Lessons/RTS_Lessons.uproject"  -IgnoreJunk]
[2019.08.17-22.13.45:868][761]Warning: Starting HotReload took  0.0s.
[2019.08.17-22.14.00:646][646]CompilerResultsLog: New page: Compilation - Aug 17, 2019, 12:14:00 PM
[2019.08.17-22.14.00:646][646]CompilerResultsLog: Using 'git status' to determine working set for adaptive non-unity build (D:\SystemFoldersHolder\DocumentsHolder\Unreal Projects\UsingGit).
[2019.08.17-22.14.00:646][646]CompilerResultsLog: Creating makefile for RTS_LessonsEditor (ini files are newer than makefile)
[2019.08.17-22.14.00:646][646]CompilerResultsLog: Parsing headers for RTS_LessonsEditor
[2019.08.17-22.14.00:646][646]CompilerResultsLog:   Running UnrealHeaderTool "D:\SystemFoldersHolder\DocumentsHolder\Unreal Projects\UsingGit\RTS_Lessons\RTS_Lessons.uproject" "D:\SystemFoldersHolder\DocumentsHolder\Unreal Projects\UsingGit\RTS_Lessons\Intermediate\Build\Win64\RTS_LessonsEditor\Development\RTS_LessonsEditor.uhtmanifest" -LogCmds="loginit warning, logexit warning, logdatabase error" -Unattended -WarningsAsErrors -installed
[2019.08.17-22.14.00:646][646]CompilerResultsLog: Reflection code generated for RTS_LessonsEditor in 8.3756385 seconds
[2019.08.17-22.14.00:646][646]CompilerResultsLog: Failed to delete file 'D:\SystemFoldersHolder\DocumentsHolder\Unreal Projects\UsingGit\RTS_Lessons\Binaries\Win64\UE4Editor-RTS_Lessons.pdb'
[2019.08.17-22.14.00:647][646]CompilerResultsLog:     Exception: Access to the path 'D:\SystemFoldersHolder\DocumentsHolder\Unreal Projects\UsingGit\RTS_Lessons\Binaries\Win64\UE4Editor-RTS_Lessons.pdb' is denied.
[2019.08.17-22.14.00:647][646]CompilerResultsLog: Attempting to retry...
[2019.08.17-22.14.00:647][646]CompilerResultsLog: Failed to delete file 'D:\SystemFoldersHolder\DocumentsHolder\Unreal Projects\UsingGit\RTS_Lessons\Binaries\Win64\UE4Editor-RTS_Lessons.pdb'
[2019.08.17-22.14.00:647][646]CompilerResultsLog:     Exception: Access to the path 'D:\SystemFoldersHolder\DocumentsHolder\Unreal Projects\UsingGit\RTS_Lessons\Binaries\Win64\UE4Editor-RTS_Lessons.pdb' is denied.
[2019.08.17-22.14.00:647][646]CompilerResultsLog: Attempting to retry...
[2019.08.17-22.14.00:647][646]CompilerResultsLog: Failed to delete file 'D:\SystemFoldersHolder\DocumentsHolder\Unreal Projects\UsingGit\RTS_Lessons\Binaries\Win64\UE4Editor-RTS_Lessons.pdb'
[2019.08.17-22.14.00:647][646]CompilerResultsLog:     Exception: Access to the path 'D:\SystemFoldersHolder\DocumentsHolder\Unreal Projects\UsingGit\RTS_Lessons\Binaries\Win64\UE4Editor-RTS_Lessons.pdb' is denied.
[2019.08.17-22.14.00:647][646]CompilerResultsLog: ERROR: Exhausted all retries!
[2019.08.17-22.14.00:647][646]CompilerResultsLog: Using Visual Studio 2019 14.22.27905 toolchain (C:\Program Files (x86)\Microsoft Visual Studio\2019\Community\VC\Tools\MSVC\14.22.27905) and Windows 10.0.18362.0 SDK (C:\Program Files (x86)\Windows Kits\10).
[2019.08.17-22.14.00:647][646]CompilerResultsLog: Building 3 actions with 8 processes...
[2019.08.17-22.14.00:648][646]CompilerResultsLog:   [1/3] UE4Editor-RTS_Lessons-0856.lib
[2019.08.17-22.14.00:648][646]CompilerResultsLog:      Creating library D:\SystemFoldersHolder\DocumentsHolder\Unreal Projects\UsingGit\RTS_Lessons\Intermediate\Build\Win64\UE4Editor\Development\RTS_Lessons\UE4Editor-RTS_Lessons-0856.lib and object D:\SystemFoldersHolder\DocumentsHolder\Unreal Projects\UsingGit\RTS_Lessons\Intermediate\Build\Win64\UE4Editor\Development\RTS_Lessons\UE4Editor-RTS_Lessons-0856.exp
[2019.08.17-22.14.00:648][646]CompilerResultsLog:   [2/3] UE4Editor-RTS_Lessons-0856.dll
[2019.08.17-22.14.00:648][646]CompilerResultsLog:      Creating library D:\SystemFoldersHolder\DocumentsHolder\Unreal Projects\UsingGit\RTS_Lessons\Intermediate\Build\Win64\UE4Editor\Development\RTS_Lessons\UE4Editor-RTS_Lessons-0856.suppressed.lib and object D:\SystemFoldersHolder\DocumentsHolder\Unreal Projects\UsingGit\RTS_Lessons\Intermediate\Build\Win64\UE4Editor\Development\RTS_Lessons\UE4Editor-RTS_Lessons-0856.suppressed.exp
[2019.08.17-22.14.00:648][646]CompilerResultsLog:   [3/3] RTS_LessonsEditor.target
[2019.08.17-22.14.00:648][646]CompilerResultsLog: Total time in Parallel executor: 1.29 seconds
[2019.08.17-22.14.00:648][646]CompilerResultsLog: Total execution time: 14.66 seconds
[2019.08.17-22.14.00:648][646]LogMainFrame: MainFrame: Module compiling took 14.790 seconds
[2019.08.17-22.14.00:676][646]LogUObjectHash: Compacting FUObjectHashTables data took   0.76ms
[2019.08.17-22.14.00:692][646]LogContentBrowser: Native class hierarchy populated in 0.0095 seconds. Added 2738 classes and 663 folders.
[2019.08.17-22.14.00:692][646]Display: HotReload took 14.9s.
[2019.08.17-22.14.01:926][720]LogSlate: FSceneViewport::OnFocusLost() reason 0
[2019.08.17-22.14.02:099][729]LogRenderer: Reallocating scene render targets to support 740x404 Format 10 NumSamples 1 (Frame:1269).
[2019.08.17-22.14.02:153][730]LogRenderer: Reallocating scene render targets to support 744x404 Format 10 NumSamples 1 (Frame:1271).
[2019.08.17-22.14.02:206][731]LogRenderer: Reallocating scene render targets to support 752x404 Format 10 NumSamples 1 (Frame:1273).
[2019.08.17-22.14.02:259][732]LogRenderer: Reallocating scene render targets to support 756x404 Format 10 NumSamples 1 (Frame:1275).
[2019.08.17-22.14.05:382][914]LogRenderer: Reallocating scene render targets to support 764x404 Format 10 NumSamples 1 (Frame:1441).
[2019.08.17-22.14.05:436][915]LogRenderer: Reallocating scene render targets to support 776x404 Format 10 NumSamples 1 (Frame:1443).
[2019.08.17-22.14.05:496][916]LogRenderer: Reallocating scene render targets to support 784x404 Format 10 NumSamples 1 (Frame:1445).
[2019.08.17-22.14.05:644][921]LogRenderer: Reallocating scene render targets to support 788x404 Format 10 NumSamples 1 (Frame:1449).
[2019.08.17-22.14.05:694][922]LogRenderer: Reallocating scene render targets to support 796x404 Format 10 NumSamples 1 (Frame:1451).
[2019.08.17-22.14.05:749][923]LogRenderer: Reallocating scene render targets to support 800x404 Format 10 NumSamples 1 (Frame:1453).
[2019.08.17-22.14.05:964][934]LogRenderer: Reallocating scene render targets to support 804x404 Format 10 NumSamples 1 (Frame:1455).
[2019.08.17-22.14.06:012][935]LogRenderer: Reallocating scene render targets to support 808x404 Format 10 NumSamples 1 (Frame:1457).
[2019.08.17-22.14.06:194][944]LogRenderer: Reallocating scene render targets to support 812x404 Format 10 NumSamples 1 (Frame:1459).
[2019.08.17-22.14.06:333][947]LogRenderer: Reallocating scene render targets to support 824x404 Format 10 NumSamples 1 (Frame:1465).
[2019.08.17-22.14.06:386][948]LogRenderer: Reallocating scene render targets to support 828x404 Format 10 NumSamples 1 (Frame:1467).
[2019.08.17-22.14.06:442][949]LogRenderer: Reallocating scene render targets to support 832x404 Format 10 NumSamples 1 (Frame:1469).
[2019.08.17-22.14.06:495][950]LogRenderer: Reallocating scene render targets to support 836x404 Format 10 NumSamples 1 (Frame:1471).
[2019.08.17-22.14.06:880][966]LogRenderer: Reallocating scene render targets to support 840x404 Format 10 NumSamples 1 (Frame:1479).
[2019.08.17-22.14.08:514][ 64]LogTemp: Repeating last play command: Selected Viewport
[2019.08.17-22.14.08:530][ 64]LogBlueprintUserMessages: Early PlayInEditor Detection: Level '/Game/TopDownCPP/Maps/TopDownExampleMap.TopDownExampleMap:PersistentLevel' has LevelScriptBlueprint '/Game/TopDownCPP/Maps/TopDownExampleMap.TopDownExampleMap:PersistentLevel.TopDownExampleMap' with GeneratedClass '/Game/TopDownCPP/Maps/TopDownExampleMap.TopDownExampleMap_C' with ClassGeneratedBy '/Game/TopDownCPP/Maps/TopDownExampleMap.TopDownExampleMap:PersistentLevel.TopDownExampleMap'
[2019.08.17-22.14.08:531][ 64]LogPlayLevel: PlayLevel: No blueprints needed recompiling
[2019.08.17-22.14.08:531][ 64]PIE: New page: PIE session: TopDownExampleMap (Aug 17, 2019, 12:14:08 PM)
[2019.08.17-22.14.08:547][ 64]LogPlayLevel: Creating play world package: /Game/TopDownCPP/Maps/UEDPIE_0_TopDownExampleMap
[2019.08.17-22.14.08:565][ 64]LogPlayLevel: PIE: StaticDuplicateObject took: (0.018031s)
[2019.08.17-22.14.08:566][ 64]LogAIModule: Creating AISystem for world TopDownExampleMap
[2019.08.17-22.14.08:567][ 64]LogPlayLevel: PIE: World Init took: (0.001297s)
[2019.08.17-22.14.08:567][ 64]LogPlayLevel: PIE: Created PIE world by copying editor world from /Game/TopDownCPP/Maps/TopDownExampleMap.TopDownExampleMap to /Game/TopDownCPP/Maps/UEDPIE_0_TopDownExampleMap.TopDownExampleMap (0.020367s)
[2019.08.17-22.14.08:600][ 64]LogUObjectHash: Compacting FUObjectHashTables data took   1.97ms
[2019.08.17-22.14.08:619][ 64]LogInit: XAudio2 using 'Speakers (6- USB Audio Device)' : 2 channels at 48 kHz using 16 bits per sample (channel mask 0x3)
[2019.08.17-22.14.08:648][ 64]LogInit: FAudioDevice initialized.
[2019.08.17-22.14.08:694][ 64]LogLoad: Game class is 'RTS_LessonsGameMode'
[2019.08.17-22.14.08:698][ 64]LogWorld: Bringing World /Game/TopDownCPP/Maps/UEDPIE_0_TopDownExampleMap.TopDownExampleMap up for play (max tick rate 60) at 2019.08.17-17.14.08
[2019.08.17-22.14.08:699][ 64]LogWorld: Bringing up level for play took: 0.001739
[2019.08.17-22.14.08:752][ 64]LogContentBrowser: Native class hierarchy updated for 'MovieSceneCapture' in 0.0005 seconds. Added 20 classes and 0 folders.
[2019.08.17-22.14.08:753][ 64]PIE: Play in editor start time for /Game/TopDownCPP/Maps/UEDPIE_0_TopDownExampleMap -0.443
[2019.08.17-22.14.08:754][ 64]LogBlueprintUserMessages: Late PlayInEditor Detection: Level '/Game/TopDownCPP/Maps/TopDownExampleMap.TopDownExampleMap:PersistentLevel' has LevelScriptBlueprint '/Game/TopDownCPP/Maps/TopDownExampleMap.TopDownExampleMap:PersistentLevel.TopDownExampleMap' with GeneratedClass '/Game/TopDownCPP/Maps/TopDownExampleMap.TopDownExampleMap_C' with ClassGeneratedBy '/Game/TopDownCPP/Maps/TopDownExampleMap.TopDownExampleMap:PersistentLevel.TopDownExampleMap'
[2019.08.17-22.14.14:556][408]LogUObjectHash: Compacting FUObjectHashTables data took   0.62ms
[2019.08.17-22.14.17:764][601]Cmd: LevelEditor.ToggleImmersive
[2019.08.17-22.14.17:938][602]LogRenderer: Reallocating scene render targets to support 1140x584 Format 10 NumSamples 1 (Frame:328).
[2019.08.17-22.14.18:002][603]LogRenderer: Reallocating scene render targets to support 1540x828 Format 10 NumSamples 1 (Frame:330).
[2019.08.17-22.14.18:005][603]LogSlate: FSceneViewport::OnFocusLost() reason 2
[2019.08.17-22.15.03:872][354]Cmd: LevelEditor.ToggleImmersive
[2019.08.17-22.15.04:105][360]LogSlate: FSceneViewport::OnFocusLost() reason 2
[2019.08.17-22.15.08:153][602]LogSlate: FSceneViewport::OnFocusLost() reason 2
[2019.08.17-22.15.09:337][673]LogBlueprintUserMessages: Early EndPlayMap Detection: Level '/Game/TopDownCPP/Maps/TopDownExampleMap.TopDownExampleMap:PersistentLevel' has LevelScriptBlueprint '/Game/TopDownCPP/Maps/TopDownExampleMap.TopDownExampleMap:PersistentLevel.TopDownExampleMap' with GeneratedClass '/Game/TopDownCPP/Maps/TopDownExampleMap.TopDownExampleMap_C' with ClassGeneratedBy '/Game/TopDownCPP/Maps/TopDownExampleMap.TopDownExampleMap:PersistentLevel.TopDownExampleMap'
[2019.08.17-22.15.09:344][673]LogSlate: Updating window title bar state: overlay mode, drag disabled, window buttons hidden, title bar hidden
[2019.08.17-22.15.09:382][673]LogPlayLevel: Display: Shutting down PIE online subsystems
[2019.08.17-22.15.09:382][673]LogBlueprintUserMessages: Late EndPlayMap Detection: Level '/Game/TopDownCPP/Maps/TopDownExampleMap.TopDownExampleMap:PersistentLevel' has LevelScriptBlueprint '/Game/TopDownCPP/Maps/TopDownExampleMap.TopDownExampleMap:PersistentLevel.TopDownExampleMap' with GeneratedClass '/Game/TopDownCPP/Maps/TopDownExampleMap.TopDownExampleMap_C' with ClassGeneratedBy '/Game/TopDownCPP/Maps/TopDownExampleMap.TopDownExampleMap:PersistentLevel.TopDownExampleMap'
[2019.08.17-22.15.09:414][673]LogSlate: Updating window title bar state: overlay mode, drag disabled, window buttons hidden, title bar hidden
[2019.08.17-22.15.09:418][673]LogUObjectHash: Compacting FUObjectHashTables data took   1.25ms
[2019.08.17-22.15.09:444][675]LogPlayLevel: Display: Destroying online subsystem :Context_2
[2019.08.17-22.15.16:971][125]LogSlate: FSceneViewport::OnFocusLost() reason 0
