Log file open, 08/17/19 15:04:53
LogWindows: Failed to load 'aqProf.dll' (GetLastError=126)
LogWindows: File 'aqProf.dll' does not exist
LogWindows: Failed to load 'VtuneApi.dll' (GetLastError=126)
LogWindows: File 'VtuneApi.dll' does not exist
LogWindows: Failed to load 'VtuneApi32e.dll' (GetLastError=126)
LogWindows: File 'VtuneApi32e.dll' does not exist
LogConsoleResponse: Display: Failed to find resolution value strings in scalability ini. Falling back to default.
LogInit: Display: Running engine for game: RTS_Lessons
LogPakFile: Registered encryption key '00000000000000000000000000000000': 0 pak files mounted, 0 remain pending
LogPlatformFile: Not using cached read wrapper
LogTaskGraph: Started task graph with 5 named threads and 23 total threads with 3 sets of task threads.
LogStats: Stats thread started at 0.317109
LogD3D11RHI: Loaded GFSDK_Aftermath_Lib.x64.dll
LogICUInternationalization: ICU TimeZone Detection - Raw Offset: -6:00, Platform Override: ''
LogPluginManager: Mounting plugin Paper2D
LogPluginManager: Mounting plugin AISupport
LogPluginManager: Mounting plugin LightPropagationVolume
LogPluginManager: Mounting plugin ActorLayerUtilities
LogPluginManager: Mounting plugin AnimationSharing
LogPluginManager: Mounting plugin CLionSourceCodeAccess
LogPluginManager: Mounting plugin CodeLiteSourceCodeAccess
LogPluginManager: Mounting plugin GitSourceControl
LogPluginManager: Mounting plugin KDevelopSourceCodeAccess
LogPluginManager: Mounting plugin NullSourceCodeAccess
LogPluginManager: Mounting plugin PerforceSourceControl
LogPluginManager: Mounting plugin SubversionSourceControl
LogPluginManager: Mounting plugin UObjectPlugin
LogPluginManager: Mounting plugin VisualStudioCodeSourceCodeAccess
LogPluginManager: Mounting plugin VisualStudioSourceCodeAccess
LogPluginManager: Mounting plugin XCodeSourceCodeAccess
LogPluginManager: Mounting plugin AssetManagerEditor
LogPluginManager: Mounting plugin CryptoKeys
LogPluginManager: Mounting plugin DataValidation
LogPluginManager: Mounting plugin FacialAnimation
LogPluginManager: Mounting plugin GameplayTagsEditor
LogPluginManager: Mounting plugin MacGraphicsSwitching
LogPluginManager: Mounting plugin MaterialAnalyzer
LogPluginManager: Mounting plugin MobileLauncherProfileWizard
LogPluginManager: Mounting plugin PluginBrowser
LogPluginManager: Mounting plugin SpeedTreeImporter
LogPluginManager: Mounting plugin DatasmithContent
LogPluginManager: Mounting plugin VariantManagerContent
LogPluginManager: Mounting plugin AlembicImporter
LogPluginManager: Mounting plugin AppleImageUtils
LogPluginManager: Mounting plugin AppleVision
LogPluginManager: Mounting plugin BackChannel
LogPluginManager: Mounting plugin CharacterAI
LogPluginManager: Mounting plugin GeometryCache
LogPluginManager: Mounting plugin HTML5Networking
LogPluginManager: Mounting plugin ProxyLODPlugin
LogPluginManager: Mounting plugin SkeletalReduction
LogPluginManager: Mounting plugin MagicLeap
LogPluginManager: Mounting plugin MagicLeapMedia
LogPluginManager: Mounting plugin AndroidMedia
LogPluginManager: Mounting plugin AvfMedia
LogPluginManager: Mounting plugin ImgMedia
LogPluginManager: Mounting plugin LinearTimecode
LogPluginManager: Mounting plugin MediaCompositing
LogPluginManager: Mounting plugin MediaPlayerEditor
LogPluginManager: Mounting plugin WebMMedia
LogPluginManager: Mounting plugin WmfMedia
LogPluginManager: Mounting plugin TcpMessaging
LogPluginManager: Mounting plugin UdpMessaging
LogPluginManager: Mounting plugin ActorSequence
LogPluginManager: Mounting plugin LevelSequenceEditor
LogPluginManager: Mounting plugin MatineeToLevelSequence
LogPluginManager: Mounting plugin NetcodeUnitTest
LogPluginManager: Mounting plugin NUTUnrealEngine4
LogPluginManager: Mounting plugin OnlineSubsystemGooglePlay
LogPluginManager: Mounting plugin OnlineSubsystemIOS
LogPluginManager: Mounting plugin OnlineSubsystem
LogPluginManager: Mounting plugin OnlineSubsystemNull
LogPluginManager: Mounting plugin OnlineSubsystemUtils
LogPluginManager: Mounting plugin LauncherChunkInstaller
LogPluginManager: Mounting plugin AndroidDeviceProfileSelector
LogPluginManager: Mounting plugin AndroidMoviePlayer
LogPluginManager: Mounting plugin AndroidPermission
LogPluginManager: Mounting plugin AppleMoviePlayer
LogPluginManager: Mounting plugin ArchVisCharacter
LogPluginManager: Mounting plugin AudioCapture
LogPluginManager: Mounting plugin CableComponent
LogPluginManager: Mounting plugin CustomMeshComponent
LogPluginManager: Mounting plugin EditableMesh
LogPluginManager: Mounting plugin ExampleDeviceProfileSelector
LogPluginManager: Mounting plugin Firebase
LogPluginManager: Mounting plugin GoogleCloudMessaging
LogPluginManager: Mounting plugin IOSDeviceProfileSelector
LogPluginManager: Mounting plugin LinuxDeviceProfileSelector
LogPluginManager: Mounting plugin LocationServicesBPLibrary
LogPluginManager: Mounting plugin MobilePatchingUtils
LogPluginManager: Mounting plugin OculusVR
LogPluginManager: Mounting plugin PhysXVehicles
LogPluginManager: Mounting plugin ProceduralMeshComponent
LogPluginManager: Mounting plugin RuntimePhysXCooking
LogPluginManager: Mounting plugin SignificanceManager
LogPluginManager: Mounting plugin SteamVR
LogPluginManager: Mounting plugin WebMMoviePlayer
LogPluginManager: Mounting plugin WindowsMoviePlayer
LogInit: Using libcurl 7.55.1-DEV
LogInit:  - built for x86_64-pc-win32
LogInit:  - supports SSL with OpenSSL/1.1.1
LogInit:  - supports HTTP deflate (compression) using libz 1.2.8
LogInit:  - other features:
LogInit:      CURL_VERSION_SSL
LogInit:      CURL_VERSION_LIBZ
LogInit:      CURL_VERSION_IPV6
LogInit:      CURL_VERSION_ASYNCHDNS
LogInit:      CURL_VERSION_LARGEFILE
LogInit:      CURL_VERSION_IDN
LogInit:  CurlRequestOptions (configurable via config and command line):
LogInit:  - bVerifyPeer = true  - Libcurl will verify peer certificate
LogInit:  - bUseHttpProxy = false  - Libcurl will NOT use HTTP proxy
LogInit:  - bDontReuseConnections = false  - Libcurl will reuse connections
LogInit:  - MaxHostConnections = 16  - Libcurl will limit the number of connections to a host
LogInit:  - LocalHostAddr = Default
LogInit:  - BufferSize = 65536
LogInit: WinSock: version 1.1 (2.2), MaxSocks=32767, MaxUdp=65467
LogInit: Build: ++UE4+Release-4.22-CL-7053642
LogInit: Engine Version: 4.22.3-7053642+++UE4+Release-4.22
LogInit: Compatible Engine Version: 4.22.0-5660361+++UE4+Release-4.22
LogInit: Net CL: 5660361
LogInit: OS: Windows 10 (Release 1803) (), CPU: Intel(R) Core(TM) i7-6700HQ CPU @ 2.60GHz, GPU: Intel(R) HD Graphics 530
LogInit: Compiled (64-bit): Jun 18 2019 03:09:11
LogInit: Compiled with Visual C++: 19.16.27025.01
LogInit: Build Configuration: Development
LogInit: Branch Name: ++UE4+Release-4.22
LogInit: Command Line:  -EpicPortal -epicusername=jmin17 -epicuserid=0b353cf1ef5f4aca842a43d56f868201 -epiclocale=en-US
LogInit: Base Directory: C:/Program Files/Epic Games/UE_4.22/Engine/Binaries/Win64/
LogInit: Installed Engine Build: 1
LogDevObjectVersion: Number of dev versions registered: 23
LogDevObjectVersion:   Dev-Blueprints (B0D832E4-1F89-4F0D-ACCF-7EB736FD4AA2): 10
LogDevObjectVersion:   Dev-Build (E1C64328-A22C-4D53-A36C-8E866417BD8C): 0
LogDevObjectVersion:   Dev-Core (375EC13C-06E4-48FB-B500-84F0262A717E): 3
LogDevObjectVersion:   Dev-Editor (E4B068ED-F494-42E9-A231-DA0B2E46BB41): 30
LogDevObjectVersion:   Dev-Framework (CFFC743F-43B0-4480-9391-14DF171D2073): 35
LogDevObjectVersion:   Dev-Mobile (B02B49B5-BB20-44E9-A304-32B752E40360): 2
LogDevObjectVersion:   Dev-Networking (A4E4105C-59A1-49B5-A7C5-40C4547EDFEE): 0
LogDevObjectVersion:   Dev-Online (39C831C9-5AE6-47DC-9A44-9C173E1C8E7C): 0
LogDevObjectVersion:   Dev-Physics (78F01B33-EBEA-4F98-B9B4-84EACCB95AA2): 0
LogDevObjectVersion:   Dev-Platform (6631380F-2D4D-43E0-8009-CF276956A95A): 0
LogDevObjectVersion:   Dev-Rendering (12F88B9F-8875-4AFC-A67C-D90C383ABD29): 28
LogDevObjectVersion:   Dev-Sequencer (7B5AE74C-D270-4C10-A958-57980B212A5A): 11
LogDevObjectVersion:   Dev-VR (D7296918-1DD6-4BDD-9DE2-64A83CC13884): 2
LogDevObjectVersion:   Dev-LoadTimes (C2A15278-BFE7-4AFE-6C17-90FF531DF755): 1
LogDevObjectVersion:   Private-Geometry (6EACA3D4-40EC-4CC1-B786-8BED09428FC5): 3
LogDevObjectVersion:   Dev-AnimPhys (29E575DD-E0A3-4627-9D10-D276232CDCEA): 17
LogDevObjectVersion:   Dev-Anim (AF43A65D-7FD3-4947-9873-3E8ED9C1BB05): 2
LogDevObjectVersion:   Dev-ReflectionCapture (6B266CEC-1EC7-4B8F-A30B-E4D90942FC07): 1
LogDevObjectVersion:   Dev-Automation (0DF73D61-A23F-47EA-B727-89E90C41499A): 1
LogDevObjectVersion:   FortniteMain (601D1886-AC64-4F84-AA16-D3DE0DEAC7D6): 25
LogDevObjectVersion:   Dev-Enterprise (9DFFBCD6-494F-0158-E221-12823C92A888): 6
LogDevObjectVersion:   Dev-Niagara (F2AED0AC-9AFE-416F-8664-AA7FFA26D6FC): 1
LogDevObjectVersion:   Dev-Destruction (174F1F0B-B4C6-45A5-B13F-2EE8D0FB917D): 2
LogInit: Presizing for max 16777216 objects, including 0 objects not considered by GC, pre-allocating 0 bytes for permanent pool.
LogInit: Object subsystem initialized
LogConfig: Setting CVar [[con.DebugEarlyDefault:1]]
LogConfig: Setting CVar [[r.setres:1280x720]]
[2019.08.17-20.04.53:464][  0]LogConfig: Setting CVar [[r.VSync:0]]
[2019.08.17-20.04.53:464][  0]LogConfig: Setting CVar [[r.RHICmdBypass:0]]
[2019.08.17-20.04.53:464][  0]LogConfig: Applying CVar settings from Section [/Script/Engine.RendererSettings] File [D:/SystemFoldersHolder/DocumentsHolder/Unreal Projects/UsingGit/RTS_Lessons/Saved/Config/Windows/Engine.ini]
[2019.08.17-20.04.53:464][  0]LogConfig: Setting CVar [[r.GPUCrashDebugging:0]]
[2019.08.17-20.04.53:464][  0]LogConfig: Applying CVar settings from Section [/Script/Engine.RendererOverrideSettings] File [D:/SystemFoldersHolder/DocumentsHolder/Unreal Projects/UsingGit/RTS_Lessons/Saved/Config/Windows/Engine.ini]
[2019.08.17-20.04.53:464][  0]LogConfig: Applying CVar settings from Section [/Script/Engine.StreamingSettings] File [D:/SystemFoldersHolder/DocumentsHolder/Unreal Projects/UsingGit/RTS_Lessons/Saved/Config/Windows/Engine.ini]
[2019.08.17-20.04.53:464][  0]LogConfig: Setting CVar [[s.MinBulkDataSizeForAsyncLoading:131072]]
[2019.08.17-20.04.53:464][  0]LogConfig: Setting CVar [[s.AsyncLoadingThreadEnabled:0]]
[2019.08.17-20.04.53:464][  0]LogConfig: Setting CVar [[s.EventDrivenLoaderEnabled:1]]
[2019.08.17-20.04.53:464][  0]LogConfig: Setting CVar [[s.WarnIfTimeLimitExceeded:0]]
[2019.08.17-20.04.53:464][  0]LogConfig: Setting CVar [[s.TimeLimitExceededMultiplier:1.5]]
[2019.08.17-20.04.53:464][  0]LogConfig: Setting CVar [[s.TimeLimitExceededMinTime:0.005]]
[2019.08.17-20.04.53:464][  0]LogConfig: Setting CVar [[s.UseBackgroundLevelStreaming:1]]
[2019.08.17-20.04.53:464][  0]LogConfig: Setting CVar [[s.PriorityAsyncLoadingExtraTime:15.0]]
[2019.08.17-20.04.53:464][  0]LogConfig: Setting CVar [[s.LevelStreamingActorsUpdateTimeLimit:5.0]]
[2019.08.17-20.04.53:464][  0]LogConfig: Setting CVar [[s.PriorityLevelStreamingActorsUpdateExtraTime:5.0]]
[2019.08.17-20.04.53:464][  0]LogConfig: Setting CVar [[s.LevelStreamingComponentsRegistrationGranularity:10]]
[2019.08.17-20.04.53:464][  0]LogConfig: Setting CVar [[s.UnregisterComponentsTimeLimit:1.0]]
[2019.08.17-20.04.53:464][  0]LogConfig: Setting CVar [[s.LevelStreamingComponentsUnregistrationGranularity:5]]
[2019.08.17-20.04.53:464][  0]LogConfig: Applying CVar settings from Section [/Script/Engine.GarbageCollectionSettings] File [D:/SystemFoldersHolder/DocumentsHolder/Unreal Projects/UsingGit/RTS_Lessons/Saved/Config/Windows/Engine.ini]
[2019.08.17-20.04.53:464][  0]LogConfig: Setting CVar [[gc.MaxObjectsNotConsideredByGC:1]]
[2019.08.17-20.04.53:464][  0]LogConfig: Setting CVar [[gc.SizeOfPermanentObjectPool:0]]
[2019.08.17-20.04.53:464][  0]LogConfig: Setting CVar [[gc.FlushStreamingOnGC:0]]
[2019.08.17-20.04.53:464][  0]LogConfig: Setting CVar [[gc.NumRetriesBeforeForcingGC:10]]
[2019.08.17-20.04.53:464][  0]LogConfig: Setting CVar [[gc.AllowParallelGC:1]]
[2019.08.17-20.04.53:464][  0]LogConfig: Setting CVar [[gc.TimeBetweenPurgingPendingKillObjects:61.1]]
[2019.08.17-20.04.53:464][  0]LogConfig: Setting CVar [[gc.MaxObjectsInEditor:16777216]]
[2019.08.17-20.04.53:464][  0]LogConfig: Setting CVar [[gc.IncrementalBeginDestroyEnabled:1]]
[2019.08.17-20.04.53:464][  0]LogConfig: Setting CVar [[gc.CreateGCClusters:1]]
[2019.08.17-20.04.53:464][  0]LogConfig: Setting CVar [[gc.MinGCClusterSize:5]]
[2019.08.17-20.04.53:464][  0]LogConfig: Setting CVar [[gc.ActorClusteringEnabled:0]]
[2019.08.17-20.04.53:464][  0]LogConfig: Setting CVar [[gc.BlueprintClusteringEnabled:0]]
[2019.08.17-20.04.53:464][  0]LogConfig: Setting CVar [[gc.UseDisregardForGCOnDedicatedServers:0]]
[2019.08.17-20.04.53:464][  0]LogConfig: Applying CVar settings from Section [/Script/Engine.NetworkSettings] File [D:/SystemFoldersHolder/DocumentsHolder/Unreal Projects/UsingGit/RTS_Lessons/Saved/Config/Windows/Engine.ini]
[2019.08.17-20.04.53:464][  0]LogConfig: Applying CVar settings from Section [/Script/UnrealEd.CookerSettings] File [D:/SystemFoldersHolder/DocumentsHolder/Unreal Projects/UsingGit/RTS_Lessons/Saved/Config/Windows/Engine.ini]
[2019.08.17-20.04.53:467][  0]LogConfig: Applying CVar settings from Section [ViewDistanceQuality@3] File [D:/SystemFoldersHolder/DocumentsHolder/Unreal Projects/UsingGit/RTS_Lessons/Saved/Config/Windows/Scalability.ini]
[2019.08.17-20.04.53:467][  0]LogConfig: Setting CVar [[r.SkeletalMeshLODBias:0]]
[2019.08.17-20.04.53:467][  0]LogConfig: Setting CVar [[r.ViewDistanceScale:1.0]]
[2019.08.17-20.04.53:467][  0]LogConfig: Applying CVar settings from Section [AntiAliasingQuality@3] File [D:/SystemFoldersHolder/DocumentsHolder/Unreal Projects/UsingGit/RTS_Lessons/Saved/Config/Windows/Scalability.ini]
[2019.08.17-20.04.53:467][  0]LogConfig: Setting CVar [[r.PostProcessAAQuality:4]]
[2019.08.17-20.04.53:467][  0]LogConfig: Applying CVar settings from Section [ShadowQuality@3] File [D:/SystemFoldersHolder/DocumentsHolder/Unreal Projects/UsingGit/RTS_Lessons/Saved/Config/Windows/Scalability.ini]
[2019.08.17-20.04.53:467][  0]LogConfig: Setting CVar [[r.LightFunctionQuality:1]]
[2019.08.17-20.04.53:467][  0]LogConfig: Setting CVar [[r.ShadowQuality:5]]
[2019.08.17-20.04.53:467][  0]LogConfig: Setting CVar [[r.Shadow.CSM.MaxCascades:10]]
[2019.08.17-20.04.53:467][  0]LogConfig: Setting CVar [[r.Shadow.MaxResolution:2048]]
[2019.08.17-20.04.53:467][  0]LogConfig: Setting CVar [[r.Shadow.MaxCSMResolution:2048]]
[2019.08.17-20.04.53:467][  0]LogConfig: Setting CVar [[r.Shadow.RadiusThreshold:0.01]]
[2019.08.17-20.04.53:467][  0]LogConfig: Setting CVar [[r.Shadow.DistanceScale:1.0]]
[2019.08.17-20.04.53:467][  0]LogConfig: Setting CVar [[r.Shadow.CSM.TransitionScale:1.0]]
[2019.08.17-20.04.53:467][  0]LogConfig: Setting CVar [[r.Shadow.PreShadowResolutionFactor:1.0]]
[2019.08.17-20.04.53:467][  0]LogConfig: Setting CVar [[r.DistanceFieldShadowing:1]]
[2019.08.17-20.04.53:467][  0]LogConfig: Setting CVar [[r.DistanceFieldAO:1]]
[2019.08.17-20.04.53:467][  0]LogConfig: Setting CVar [[r.AOQuality:2]]
[2019.08.17-20.04.53:467][  0]LogConfig: Setting CVar [[r.VolumetricFog:1]]
[2019.08.17-20.04.53:467][  0]LogConfig: Setting CVar [[r.VolumetricFog.GridPixelSize:8]]
[2019.08.17-20.04.53:468][  0]LogConfig: Setting CVar [[r.VolumetricFog.GridSizeZ:128]]
[2019.08.17-20.04.53:468][  0]LogConfig: Setting CVar [[r.VolumetricFog.HistoryMissSupersampleCount:4]]
[2019.08.17-20.04.53:468][  0]LogConfig: Setting CVar [[r.LightMaxDrawDistanceScale:1]]
[2019.08.17-20.04.53:468][  0]LogConfig: Setting CVar [[r.CapsuleShadows:1]]
[2019.08.17-20.04.53:468][  0]LogConfig: Applying CVar settings from Section [PostProcessQuality@3] File [D:/SystemFoldersHolder/DocumentsHolder/Unreal Projects/UsingGit/RTS_Lessons/Saved/Config/Windows/Scalability.ini]
[2019.08.17-20.04.53:468][  0]LogConfig: Setting CVar [[r.MotionBlurQuality:4]]
[2019.08.17-20.04.53:468][  0]LogConfig: Setting CVar [[r.AmbientOcclusionMipLevelFactor:0.4]]
[2019.08.17-20.04.53:468][  0]LogConfig: Setting CVar [[r.AmbientOcclusionMaxQuality:100]]
[2019.08.17-20.04.53:468][  0]LogConfig: Setting CVar [[r.AmbientOcclusionLevels:-1]]
[2019.08.17-20.04.53:468][  0]LogConfig: Setting CVar [[r.AmbientOcclusionRadiusScale:1.0]]
[2019.08.17-20.04.53:468][  0]LogConfig: Setting CVar [[r.DepthOfFieldQuality:2]]
[2019.08.17-20.04.53:468][  0]LogConfig: Setting CVar [[r.RenderTargetPoolMin:400]]
[2019.08.17-20.04.53:468][  0]LogConfig: Setting CVar [[r.LensFlareQuality:2]]
[2019.08.17-20.04.53:468][  0]LogConfig: Setting CVar [[r.SceneColorFringeQuality:1]]
[2019.08.17-20.04.53:468][  0]LogConfig: Setting CVar [[r.EyeAdaptationQuality:2]]
[2019.08.17-20.04.53:468][  0]LogConfig: Setting CVar [[r.BloomQuality:5]]
[2019.08.17-20.04.53:468][  0]LogConfig: Setting CVar [[r.FastBlurThreshold:100]]
[2019.08.17-20.04.53:468][  0]LogConfig: Setting CVar [[r.Upscale.Quality:3]]
[2019.08.17-20.04.53:468][  0]LogConfig: Setting CVar [[r.Tonemapper.GrainQuantization:1]]
[2019.08.17-20.04.53:468][  0]LogConfig: Setting CVar [[r.LightShaftQuality:1]]
[2019.08.17-20.04.53:468][  0]LogConfig: Setting CVar [[r.Filter.SizeScale:1]]
[2019.08.17-20.04.53:468][  0]LogConfig: Setting CVar [[r.Tonemapper.Quality:5]]
[2019.08.17-20.04.53:468][  0]LogConfig: Setting CVar [[r.DOF.Gather.AccumulatorQuality:1        ; higher gathering accumulator quality]]
[2019.08.17-20.04.53:468][  0]LogConfig: Setting CVar [[r.DOF.Gather.PostfilterMethod:1          ; Median3x3 postfilering method]]
[2019.08.17-20.04.53:468][  0]LogConfig: Setting CVar [[r.DOF.Gather.EnableBokehSettings:0       ; no bokeh simulation when gathering]]
[2019.08.17-20.04.53:468][  0]LogConfig: Setting CVar [[r.DOF.Gather.RingCount:4                 ; medium number of samples when gathering]]
[2019.08.17-20.04.53:468][  0]LogConfig: Setting CVar [[r.DOF.Scatter.ForegroundCompositing:1    ; additive foreground scattering]]
[2019.08.17-20.04.53:468][  0]LogConfig: Setting CVar [[r.DOF.Scatter.BackgroundCompositing:2    ; additive background scattering]]
[2019.08.17-20.04.53:468][  0]LogConfig: Setting CVar [[r.DOF.Scatter.EnableBokehSettings:1      ; bokeh simulation when scattering]]
[2019.08.17-20.04.53:468][  0]LogConfig: Setting CVar [[r.DOF.Scatter.MaxSpriteRatio:0.1         ; only a maximum of 10% of scattered bokeh]]
[2019.08.17-20.04.53:468][  0]LogConfig: Setting CVar [[r.DOF.Recombine.Quality:1                ; cheap slight out of focus]]
[2019.08.17-20.04.53:468][  0]LogConfig: Setting CVar [[r.DOF.Recombine.EnableBokehSettings:0    ; no bokeh simulation on slight out of focus]]
[2019.08.17-20.04.53:468][  0]LogConfig: Setting CVar [[r.DOF.TemporalAAQuality:1                ; more stable temporal accumulation]]
[2019.08.17-20.04.53:468][  0]LogConfig: Setting CVar [[r.DOF.Kernel.MaxForegroundRadius:0.025]]
[2019.08.17-20.04.53:468][  0]LogConfig: Setting CVar [[r.DOF.Kernel.MaxBackgroundRadius:0.025]]
[2019.08.17-20.04.53:468][  0]LogConfig: Applying CVar settings from Section [TextureQuality@3] File [D:/SystemFoldersHolder/DocumentsHolder/Unreal Projects/UsingGit/RTS_Lessons/Saved/Config/Windows/Scalability.ini]
[2019.08.17-20.04.53:468][  0]LogConfig: Setting CVar [[r.Streaming.MipBias:0]]
[2019.08.17-20.04.53:468][  0]LogConfig: Setting CVar [[r.Streaming.AmortizeCPUToGPUCopy:0]]
[2019.08.17-20.04.53:468][  0]LogConfig: Setting CVar [[r.Streaming.MaxNumTexturesToStreamPerFrame:0]]
[2019.08.17-20.04.53:468][  0]LogConfig: Setting CVar [[r.Streaming.Boost:1]]
[2019.08.17-20.04.53:468][  0]LogConfig: Setting CVar [[r.MaxAnisotropy:8]]
[2019.08.17-20.04.53:468][  0]LogConfig: Setting CVar [[r.Streaming.LimitPoolSizeToVRAM:0]]
[2019.08.17-20.04.53:468][  0]LogConfig: Setting CVar [[r.Streaming.PoolSize:1000]]
[2019.08.17-20.04.53:468][  0]LogConfig: Setting CVar [[r.Streaming.MaxEffectiveScreenSize:0]]
[2019.08.17-20.04.53:468][  0]LogConfig: Applying CVar settings from Section [EffectsQuality@3] File [D:/SystemFoldersHolder/DocumentsHolder/Unreal Projects/UsingGit/RTS_Lessons/Saved/Config/Windows/Scalability.ini]
[2019.08.17-20.04.53:468][  0]LogConfig: Setting CVar [[r.TranslucencyLightingVolumeDim:64]]
[2019.08.17-20.04.53:468][  0]LogConfig: Setting CVar [[r.RefractionQuality:2]]
[2019.08.17-20.04.53:468][  0]LogConfig: Setting CVar [[r.SSR.Quality:3]]
[2019.08.17-20.04.53:468][  0]LogConfig: Setting CVar [[r.SceneColorFormat:4]]
[2019.08.17-20.04.53:468][  0]LogConfig: Setting CVar [[r.DetailMode:2]]
[2019.08.17-20.04.53:468][  0]LogConfig: Setting CVar [[r.TranslucencyVolumeBlur:1]]
[2019.08.17-20.04.53:468][  0]LogConfig: Setting CVar [[r.MaterialQualityLevel:1 ; High quality]]
[2019.08.17-20.04.53:468][  0]LogConfig: Setting CVar [[r.SSS.Scale:1]]
[2019.08.17-20.04.53:468][  0]LogConfig: Setting CVar [[r.SSS.SampleSet:2]]
[2019.08.17-20.04.53:468][  0]LogConfig: Setting CVar [[r.SSS.Quality:1]]
[2019.08.17-20.04.53:468][  0]LogConfig: Setting CVar [[r.SSS.HalfRes:1]]
[2019.08.17-20.04.53:468][  0]LogConfig: Setting CVar [[r.EmitterSpawnRateScale:1.0]]
[2019.08.17-20.04.53:469][  0]LogConfig: Setting CVar [[r.ParticleLightQuality:2]]
[2019.08.17-20.04.53:469][  0]LogConfig: Applying CVar settings from Section [FoliageQuality@3] File [D:/SystemFoldersHolder/DocumentsHolder/Unreal Projects/UsingGit/RTS_Lessons/Saved/Config/Windows/Scalability.ini]
[2019.08.17-20.04.53:469][  0]LogConfig: Setting CVar [[foliage.DensityScale:1.0]]
[2019.08.17-20.04.53:469][  0]LogConfig: Setting CVar [[grass.DensityScale:1.0]]
[2019.08.17-20.04.53:469][  0]LogInit: Selected Device Profile: [Windows]
[2019.08.17-20.04.53:469][  0]LogInit: Applying CVar settings loaded from the selected device profile: [Windows]
[2019.08.17-20.04.53:496][  0]LogHAL: Display: Platform has ~ 16 GB [17086119936 / 17179869184 / 16], which maps to Larger [LargestMinGB=32, LargerMinGB=12, DefaultMinGB=8, SmallerMinGB=6, SmallestMinGB=0)
[2019.08.17-20.04.53:496][  0]LogConfig: Setting CVar [[r.Vulkan.UseRealUBs:0		; Required until we fix HLR fall-out]]
[2019.08.17-20.04.53:496][  0]LogInit: Going up to parent DeviceProfile []
[2019.08.17-20.04.53:496][  0]LogConfig: Applying CVar settings from Section [ViewDistanceQuality@3] File [D:/SystemFoldersHolder/DocumentsHolder/Unreal Projects/UsingGit/RTS_Lessons/Saved/Config/Windows/Scalability.ini]
[2019.08.17-20.04.53:496][  0]LogConfig: Setting CVar [[r.SkeletalMeshLODBias:0]]
[2019.08.17-20.04.53:496][  0]LogConfig: Setting CVar [[r.ViewDistanceScale:1.0]]
[2019.08.17-20.04.53:496][  0]LogConfig: Applying CVar settings from Section [AntiAliasingQuality@3] File [D:/SystemFoldersHolder/DocumentsHolder/Unreal Projects/UsingGit/RTS_Lessons/Saved/Config/Windows/Scalability.ini]
[2019.08.17-20.04.53:496][  0]LogConfig: Setting CVar [[r.PostProcessAAQuality:4]]
[2019.08.17-20.04.53:496][  0]LogConfig: Applying CVar settings from Section [ShadowQuality@3] File [D:/SystemFoldersHolder/DocumentsHolder/Unreal Projects/UsingGit/RTS_Lessons/Saved/Config/Windows/Scalability.ini]
[2019.08.17-20.04.53:496][  0]LogConfig: Setting CVar [[r.LightFunctionQuality:1]]
[2019.08.17-20.04.53:496][  0]LogConfig: Setting CVar [[r.ShadowQuality:5]]
[2019.08.17-20.04.53:496][  0]LogConfig: Setting CVar [[r.Shadow.CSM.MaxCascades:10]]
[2019.08.17-20.04.53:497][  0]LogConfig: Setting CVar [[r.Shadow.MaxResolution:2048]]
[2019.08.17-20.04.53:497][  0]LogConfig: Setting CVar [[r.Shadow.MaxCSMResolution:2048]]
[2019.08.17-20.04.53:497][  0]LogConfig: Setting CVar [[r.Shadow.RadiusThreshold:0.01]]
[2019.08.17-20.04.53:497][  0]LogConfig: Setting CVar [[r.Shadow.DistanceScale:1.0]]
[2019.08.17-20.04.53:497][  0]LogConfig: Setting CVar [[r.Shadow.CSM.TransitionScale:1.0]]
[2019.08.17-20.04.53:497][  0]LogConfig: Setting CVar [[r.Shadow.PreShadowResolutionFactor:1.0]]
[2019.08.17-20.04.53:497][  0]LogConfig: Setting CVar [[r.DistanceFieldShadowing:1]]
[2019.08.17-20.04.53:497][  0]LogConfig: Setting CVar [[r.DistanceFieldAO:1]]
[2019.08.17-20.04.53:497][  0]LogConfig: Setting CVar [[r.AOQuality:2]]
[2019.08.17-20.04.53:497][  0]LogConfig: Setting CVar [[r.VolumetricFog:1]]
[2019.08.17-20.04.53:497][  0]LogConfig: Setting CVar [[r.VolumetricFog.GridPixelSize:8]]
[2019.08.17-20.04.53:497][  0]LogConfig: Setting CVar [[r.VolumetricFog.GridSizeZ:128]]
[2019.08.17-20.04.53:497][  0]LogConfig: Setting CVar [[r.VolumetricFog.HistoryMissSupersampleCount:4]]
[2019.08.17-20.04.53:497][  0]LogConfig: Setting CVar [[r.LightMaxDrawDistanceScale:1]]
[2019.08.17-20.04.53:497][  0]LogConfig: Setting CVar [[r.CapsuleShadows:1]]
[2019.08.17-20.04.53:497][  0]LogConfig: Applying CVar settings from Section [PostProcessQuality@3] File [D:/SystemFoldersHolder/DocumentsHolder/Unreal Projects/UsingGit/RTS_Lessons/Saved/Config/Windows/Scalability.ini]
[2019.08.17-20.04.53:497][  0]LogConfig: Setting CVar [[r.MotionBlurQuality:4]]
[2019.08.17-20.04.53:497][  0]LogConfig: Setting CVar [[r.AmbientOcclusionMipLevelFactor:0.4]]
[2019.08.17-20.04.53:497][  0]LogConfig: Setting CVar [[r.AmbientOcclusionMaxQuality:100]]
[2019.08.17-20.04.53:497][  0]LogConfig: Setting CVar [[r.AmbientOcclusionLevels:-1]]
[2019.08.17-20.04.53:497][  0]LogConfig: Setting CVar [[r.AmbientOcclusionRadiusScale:1.0]]
[2019.08.17-20.04.53:497][  0]LogConfig: Setting CVar [[r.DepthOfFieldQuality:2]]
[2019.08.17-20.04.53:497][  0]LogConfig: Setting CVar [[r.RenderTargetPoolMin:400]]
[2019.08.17-20.04.53:497][  0]LogConfig: Setting CVar [[r.LensFlareQuality:2]]
[2019.08.17-20.04.53:497][  0]LogConfig: Setting CVar [[r.SceneColorFringeQuality:1]]
[2019.08.17-20.04.53:497][  0]LogConfig: Setting CVar [[r.EyeAdaptationQuality:2]]
[2019.08.17-20.04.53:497][  0]LogConfig: Setting CVar [[r.BloomQuality:5]]
[2019.08.17-20.04.53:497][  0]LogConfig: Setting CVar [[r.FastBlurThreshold:100]]
[2019.08.17-20.04.53:497][  0]LogConfig: Setting CVar [[r.Upscale.Quality:3]]
[2019.08.17-20.04.53:497][  0]LogConfig: Setting CVar [[r.Tonemapper.GrainQuantization:1]]
[2019.08.17-20.04.53:497][  0]LogConfig: Setting CVar [[r.LightShaftQuality:1]]
[2019.08.17-20.04.53:497][  0]LogConfig: Setting CVar [[r.Filter.SizeScale:1]]
[2019.08.17-20.04.53:497][  0]LogConfig: Setting CVar [[r.Tonemapper.Quality:5]]
[2019.08.17-20.04.53:497][  0]LogConfig: Setting CVar [[r.DOF.Gather.AccumulatorQuality:1        ; higher gathering accumulator quality]]
[2019.08.17-20.04.53:497][  0]LogConfig: Setting CVar [[r.DOF.Gather.PostfilterMethod:1          ; Median3x3 postfilering method]]
[2019.08.17-20.04.53:497][  0]LogConfig: Setting CVar [[r.DOF.Gather.EnableBokehSettings:0       ; no bokeh simulation when gathering]]
[2019.08.17-20.04.53:497][  0]LogConfig: Setting CVar [[r.DOF.Gather.RingCount:4                 ; medium number of samples when gathering]]
[2019.08.17-20.04.53:497][  0]LogConfig: Setting CVar [[r.DOF.Scatter.ForegroundCompositing:1    ; additive foreground scattering]]
[2019.08.17-20.04.53:497][  0]LogConfig: Setting CVar [[r.DOF.Scatter.BackgroundCompositing:2    ; additive background scattering]]
[2019.08.17-20.04.53:497][  0]LogConfig: Setting CVar [[r.DOF.Scatter.EnableBokehSettings:1      ; bokeh simulation when scattering]]
[2019.08.17-20.04.53:497][  0]LogConfig: Setting CVar [[r.DOF.Scatter.MaxSpriteRatio:0.1         ; only a maximum of 10% of scattered bokeh]]
[2019.08.17-20.04.53:497][  0]LogConfig: Setting CVar [[r.DOF.Recombine.Quality:1                ; cheap slight out of focus]]
[2019.08.17-20.04.53:497][  0]LogConfig: Setting CVar [[r.DOF.Recombine.EnableBokehSettings:0    ; no bokeh simulation on slight out of focus]]
[2019.08.17-20.04.53:497][  0]LogConfig: Setting CVar [[r.DOF.TemporalAAQuality:1                ; more stable temporal accumulation]]
[2019.08.17-20.04.53:497][  0]LogConfig: Setting CVar [[r.DOF.Kernel.MaxForegroundRadius:0.025]]
[2019.08.17-20.04.53:497][  0]LogConfig: Setting CVar [[r.DOF.Kernel.MaxBackgroundRadius:0.025]]
[2019.08.17-20.04.53:497][  0]LogConfig: Applying CVar settings from Section [TextureQuality@3] File [D:/SystemFoldersHolder/DocumentsHolder/Unreal Projects/UsingGit/RTS_Lessons/Saved/Config/Windows/Scalability.ini]
[2019.08.17-20.04.53:497][  0]LogConfig: Setting CVar [[r.Streaming.MipBias:0]]
[2019.08.17-20.04.53:497][  0]LogConfig: Setting CVar [[r.Streaming.AmortizeCPUToGPUCopy:0]]
[2019.08.17-20.04.53:497][  0]LogConfig: Setting CVar [[r.Streaming.MaxNumTexturesToStreamPerFrame:0]]
[2019.08.17-20.04.53:497][  0]LogConfig: Setting CVar [[r.Streaming.Boost:1]]
[2019.08.17-20.04.53:497][  0]LogConfig: Setting CVar [[r.MaxAnisotropy:8]]
[2019.08.17-20.04.53:497][  0]LogConfig: Setting CVar [[r.Streaming.LimitPoolSizeToVRAM:0]]
[2019.08.17-20.04.53:497][  0]LogConfig: Setting CVar [[r.Streaming.PoolSize:1000]]
[2019.08.17-20.04.53:497][  0]LogConfig: Setting CVar [[r.Streaming.MaxEffectiveScreenSize:0]]
[2019.08.17-20.04.53:497][  0]LogConfig: Applying CVar settings from Section [EffectsQuality@3] File [D:/SystemFoldersHolder/DocumentsHolder/Unreal Projects/UsingGit/RTS_Lessons/Saved/Config/Windows/Scalability.ini]
[2019.08.17-20.04.53:497][  0]LogConfig: Setting CVar [[r.TranslucencyLightingVolumeDim:64]]
[2019.08.17-20.04.53:497][  0]LogConfig: Setting CVar [[r.RefractionQuality:2]]
[2019.08.17-20.04.53:497][  0]LogConfig: Setting CVar [[r.SSR.Quality:3]]
[2019.08.17-20.04.53:497][  0]LogConfig: Setting CVar [[r.SceneColorFormat:4]]
[2019.08.17-20.04.53:497][  0]LogConfig: Setting CVar [[r.DetailMode:2]]
[2019.08.17-20.04.53:497][  0]LogConfig: Setting CVar [[r.TranslucencyVolumeBlur:1]]
[2019.08.17-20.04.53:497][  0]LogConfig: Setting CVar [[r.MaterialQualityLevel:1 ; High quality]]
[2019.08.17-20.04.53:497][  0]LogConfig: Setting CVar [[r.SSS.Scale:1]]
[2019.08.17-20.04.53:498][  0]LogConfig: Setting CVar [[r.SSS.SampleSet:2]]
[2019.08.17-20.04.53:498][  0]LogConfig: Setting CVar [[r.SSS.Quality:1]]
[2019.08.17-20.04.53:498][  0]LogConfig: Setting CVar [[r.SSS.HalfRes:1]]
[2019.08.17-20.04.53:498][  0]LogConfig: Setting CVar [[r.EmitterSpawnRateScale:1.0]]
[2019.08.17-20.04.53:498][  0]LogConfig: Setting CVar [[r.ParticleLightQuality:2]]
[2019.08.17-20.04.53:498][  0]LogConfig: Applying CVar settings from Section [FoliageQuality@3] File [D:/SystemFoldersHolder/DocumentsHolder/Unreal Projects/UsingGit/RTS_Lessons/Saved/Config/Windows/Scalability.ini]
[2019.08.17-20.04.53:498][  0]LogConfig: Setting CVar [[foliage.DensityScale:1.0]]
[2019.08.17-20.04.53:498][  0]LogConfig: Setting CVar [[grass.DensityScale:1.0]]
[2019.08.17-20.04.53:498][  0]LogConfig: Applying CVar settings from Section [Startup] File [../../../Engine/Config/ConsoleVariables.ini]
[2019.08.17-20.04.53:498][  0]LogConfig: Setting CVar [[net.UseAdaptiveNetUpdateFrequency:0]]
[2019.08.17-20.04.53:498][  0]LogConfig: Setting CVar [[p.chaos.AllowCreatePhysxBodies:1]]
[2019.08.17-20.04.53:498][  0]LogConfig: Applying CVar settings from Section [ConsoleVariables] File [D:/SystemFoldersHolder/DocumentsHolder/Unreal Projects/UsingGit/RTS_Lessons/Saved/Config/Windows/Engine.ini]
[2019.08.17-20.04.53:498][  0]LogInit: Computer: LAPTOP-JLM-EH7T
[2019.08.17-20.04.53:498][  0]LogInit: User: User
[2019.08.17-20.04.53:498][  0]LogInit: CPU Page size=4096, Cores=4
[2019.08.17-20.04.53:498][  0]LogInit: High frequency timer resolution =2.531247 MHz
[2019.08.17-20.04.53:498][  0]LogMemory: Memory total: Physical=15.9GB (16GB approx)
[2019.08.17-20.04.53:498][  0]LogMemory: Platform Memory Stats for Windows
[2019.08.17-20.04.53:498][  0]LogMemory: Process Physical Memory: 95.97 MB used, 95.97 MB peak
[2019.08.17-20.04.53:498][  0]LogMemory: Process Virtual Memory: 90.54 MB used, 90.54 MB peak
[2019.08.17-20.04.53:498][  0]LogMemory: Physical Memory: 9695.33 MB used,  6599.27 MB free, 16294.59 MB total
[2019.08.17-20.04.53:498][  0]LogMemory: Virtual Memory: 4660.69 MB used,  134213064.00 MB free, 134217728.00 MB total
[2019.08.17-20.04.53:530][  0]LogInit: Using OS detected language (en-US).
[2019.08.17-20.04.53:530][  0]LogInit: Using OS detected locale (en-US).
[2019.08.17-20.04.53:531][  0]LogTextLocalizationManager: No specific localization for 'en-US' exists, so the 'en' localization will be used.
[2019.08.17-20.04.53:820][  0]LogInit: Setting process to per monitor DPI aware
[2019.08.17-20.04.53:870][  0]LogSlate: New Slate User Created.  User Index 0, Is Virtual User: 0
[2019.08.17-20.04.53:870][  0]LogSlate: Slate User Registered.  User Index 0, Is Virtual User: 0
[2019.08.17-20.04.56:444][  0]LogHMD: Failed to initialize OpenVR with code 110
[2019.08.17-20.04.56:444][  0]LogD3D11RHI: D3D11 adapters:
[2019.08.17-20.04.56:526][  0]LogD3D11RHI:    0. 'NVIDIA GeForce GTX 970M' (Feature Level 11_0)
[2019.08.17-20.04.56:526][  0]LogD3D11RHI:       3032/0/8147 MB DedicatedVideo/DedicatedSystem/SharedSystem, Outputs:1, VendorId:0x10de
[2019.08.17-20.04.56:536][  0]LogD3D11RHI:    1. 'Intel(R) HD Graphics 530' (Feature Level 11_0)
[2019.08.17-20.04.56:536][  0]LogD3D11RHI:       128/0/8147 MB DedicatedVideo/DedicatedSystem/SharedSystem, Outputs:0, VendorId:0x8086
[2019.08.17-20.04.56:539][  0]LogD3D11RHI:    2. 'Microsoft Basic Render Driver' (Feature Level 11_0)
[2019.08.17-20.04.56:539][  0]LogD3D11RHI:       0/0/8147 MB DedicatedVideo/DedicatedSystem/SharedSystem, Outputs:0, VendorId:0x1414
[2019.08.17-20.04.56:539][  0]LogD3D11RHI: Chosen D3D11 Adapter: 0
[2019.08.17-20.04.56:591][  0]LogD3D11RHI: Creating new Direct3DDevice
[2019.08.17-20.04.56:591][  0]LogD3D11RHI:     GPU DeviceId: 0x13d8 (for the marketing name, search the web for "GPU Device Id")
[2019.08.17-20.04.56:591][  0]LogWindows: EnumDisplayDevices:
[2019.08.17-20.04.56:591][  0]LogWindows:    0. 'Intel(R) HD Graphics 530' (P:1 D:1)
[2019.08.17-20.04.56:592][  0]LogWindows:    1. 'Intel(R) HD Graphics 530' (P:0 D:0)
[2019.08.17-20.04.56:592][  0]LogWindows:    2. 'Intel(R) HD Graphics 530' (P:0 D:0)
[2019.08.17-20.04.56:593][  0]LogWindows: DebugString: PrimaryIsNotTheChoosenAdapter PrimaryIsNotTheChoosenAdapter PrimaryIsNotTheChoosenAdapter FoundDriverCount:0 
[2019.08.17-20.04.56:593][  0]LogD3D11RHI:     Adapter Name: NVIDIA GeForce GTX 970M
[2019.08.17-20.04.56:593][  0]LogD3D11RHI:   Driver Version: Unknown (internal:Unknown, unified:Unknown)
[2019.08.17-20.04.56:593][  0]LogD3D11RHI:      Driver Date: Unknown
[2019.08.17-20.04.56:593][  0]LogRHI: Texture pool is 2122 MB (70% of 3032 MB)
[2019.08.17-20.04.56:649][  0]LogD3D11RHI: Async texture creation enabled
[2019.08.17-20.04.56:682][  0]LogRendererCore: FGlobalReadBuffer::InitRHI
[2019.08.17-20.04.56:682][  0]LogRendererCore: FGlobalReadBuffer::InitRHI
[2019.08.17-20.04.56:682][  0]LogRendererCore: FGlobalReadBuffer::InitRHI
[2019.08.17-20.04.56:691][  0]LogD3D11RHI: GPU Timing Frequency: 1000.000000 (Debug: 2 1)
[2019.08.17-20.04.57:051][  0]LogTemp: Display: Module 'AllDesktopTargetPlatform' loaded TargetPlatform 'AllDesktop'
[2019.08.17-20.04.57:086][  0]LogTemp: Display: Module 'MacClientTargetPlatform' loaded TargetPlatform 'MacClient'
[2019.08.17-20.04.57:109][  0]LogTemp: Display: Module 'MacNoEditorTargetPlatform' loaded TargetPlatform 'MacNoEditor'
[2019.08.17-20.04.57:130][  0]LogTemp: Display: Module 'MacServerTargetPlatform' loaded TargetPlatform 'MacServer'
[2019.08.17-20.04.57:157][  0]LogTemp: Display: Module 'MacTargetPlatform' loaded TargetPlatform 'Mac'
[2019.08.17-20.04.57:176][  0]LogTemp: Display: Module 'WindowsClientTargetPlatform' loaded TargetPlatform 'WindowsClient'
[2019.08.17-20.04.57:193][  0]LogTemp: Display: Module 'WindowsNoEditorTargetPlatform' loaded TargetPlatform 'WindowsNoEditor'
[2019.08.17-20.04.57:220][  0]LogTemp: Display: Module 'WindowsServerTargetPlatform' loaded TargetPlatform 'WindowsServer'
[2019.08.17-20.04.57:230][  0]LogTemp: Display: Module 'WindowsTargetPlatform' loaded TargetPlatform 'Windows'
[2019.08.17-20.04.57:358][  0]LogTemp: Display: Module 'AndroidTargetPlatform' loaded TargetPlatform 'Android'
[2019.08.17-20.04.57:358][  0]LogTemp: Display: Module 'AndroidTargetPlatform' loaded TargetPlatform 'Android_ASTC'
[2019.08.17-20.04.57:358][  0]LogTemp: Display: Module 'AndroidTargetPlatform' loaded TargetPlatform 'Android_ATC'
[2019.08.17-20.04.57:358][  0]LogTemp: Display: Module 'AndroidTargetPlatform' loaded TargetPlatform 'Android_DXT'
[2019.08.17-20.04.57:358][  0]LogTemp: Display: Module 'AndroidTargetPlatform' loaded TargetPlatform 'Android_ETC1'
[2019.08.17-20.04.57:358][  0]LogTemp: Display: Module 'AndroidTargetPlatform' loaded TargetPlatform 'Android_ETC1a'
[2019.08.17-20.04.57:358][  0]LogTemp: Display: Module 'AndroidTargetPlatform' loaded TargetPlatform 'Android_ETC2'
[2019.08.17-20.04.57:358][  0]LogTemp: Display: Module 'AndroidTargetPlatform' loaded TargetPlatform 'Android_PVRTC'
[2019.08.17-20.04.57:359][  0]LogTemp: Display: Module 'AndroidTargetPlatform' loaded TargetPlatform 'AndroidClient'
[2019.08.17-20.04.57:359][  0]LogTemp: Display: Module 'AndroidTargetPlatform' loaded TargetPlatform 'Android_ASTCClient'
[2019.08.17-20.04.57:359][  0]LogTemp: Display: Module 'AndroidTargetPlatform' loaded TargetPlatform 'Android_ATCClient'
[2019.08.17-20.04.57:359][  0]LogTemp: Display: Module 'AndroidTargetPlatform' loaded TargetPlatform 'Android_DXTClient'
[2019.08.17-20.04.57:359][  0]LogTemp: Display: Module 'AndroidTargetPlatform' loaded TargetPlatform 'Android_ETC1Client'
[2019.08.17-20.04.57:359][  0]LogTemp: Display: Module 'AndroidTargetPlatform' loaded TargetPlatform 'Android_ETC1aClient'
[2019.08.17-20.04.57:359][  0]LogTemp: Display: Module 'AndroidTargetPlatform' loaded TargetPlatform 'Android_ETC2Client'
[2019.08.17-20.04.57:359][  0]LogTemp: Display: Module 'AndroidTargetPlatform' loaded TargetPlatform 'Android_PVRTCClient'
[2019.08.17-20.04.57:359][  0]LogTemp: Display: Module 'AndroidTargetPlatform' loaded TargetPlatform 'Android_Multi'
[2019.08.17-20.04.57:359][  0]LogTemp: Display: Module 'AndroidTargetPlatform' loaded TargetPlatform 'Android_MultiClient'
[2019.08.17-20.04.57:361][  0]LogTemp: Display: Module 'HTML5TargetPlatform' loaded TargetPlatform 'HTML5'
[2019.08.17-20.04.57:439][  0]LogTemp: Display: Module 'IOSTargetPlatform' loaded TargetPlatform 'IOSClient'
[2019.08.17-20.04.57:439][  0]LogTemp: Display: Module 'IOSTargetPlatform' loaded TargetPlatform 'IOS'
[2019.08.17-20.04.57:470][  0]LogTemp: Display: Module 'TVOSTargetPlatform' loaded TargetPlatform 'TVOSClient'
[2019.08.17-20.04.57:470][  0]LogTemp: Display: Module 'TVOSTargetPlatform' loaded TargetPlatform 'TVOS'
[2019.08.17-20.04.57:487][  0]LogTemp: Display: Module 'LinuxClientTargetPlatform' loaded TargetPlatform 'LinuxClient'
[2019.08.17-20.04.57:502][  0]LogTemp: Display: Module 'LinuxNoEditorTargetPlatform' loaded TargetPlatform 'LinuxNoEditor'
[2019.08.17-20.04.57:521][  0]LogTemp: Display: Module 'LinuxServerTargetPlatform' loaded TargetPlatform 'LinuxServer'
[2019.08.17-20.04.57:553][  0]LogTemp: Display: Module 'LinuxTargetPlatform' loaded TargetPlatform 'Linux'
[2019.08.17-20.04.57:630][  0]LogTemp: Display: Module 'LuminTargetPlatform' loaded TargetPlatform 'Lumin'
[2019.08.17-20.04.57:630][  0]LogTemp: Display: Module 'LuminTargetPlatform' loaded TargetPlatform 'LuminClient'
[2019.08.17-20.04.57:631][  0]LogTargetPlatformManager: Display: Building Assets For Windows
[2019.08.17-20.04.57:643][  0]LogAudioDebug: Display: Lib vorbis DLL was dynamically loaded.
[2019.08.17-20.04.57:732][  0]LogShaderCompilers: Guid format shader working directory is -31 characters bigger than the processId version (D:/SystemFoldersHolder/DocumentsHolder/Unreal Projects/UsingGit/RTS_Lessons/Intermediate/Shaders/WorkingDirectory/16780/).
[2019.08.17-20.04.57:732][  0]LogShaderCompilers: Cleaned the shader compiler working directory 'C:/Users/User/AppData/Local/Temp/UnrealShaderWorkingDir/E53963A54C01EB530CF2EAAC46841215/'.
[2019.08.17-20.04.57:736][  0]LogXGEController: Cleaning working directory: C:/Users/User/AppData/Local/Temp/UnrealXGEWorkingDir/
[2019.08.17-20.04.57:736][  0]LogXGEController: Cannot use XGE Controller as Incredibuild is not installed on this machine.
[2019.08.17-20.04.57:736][  0]LogShaderCompilers: Cannot use XGE Shader Compiler as Incredibuild is not installed on this machine.
[2019.08.17-20.04.57:736][  0]LogShaderCompilers: Display: Using Local Shader Compiler.
[2019.08.17-20.05.00:298][  0]LogDerivedDataCache: Display: Max Cache Size: 512 MB
[2019.08.17-20.05.00:371][  0]LogDerivedDataCache: Loaded boot cache 0.07s 71MB C:/Users/User/AppData/Local/UnrealEngine/4.22/DerivedDataCache/Boot.ddc.
[2019.08.17-20.05.00:371][  0]LogDerivedDataCache: Display: Loaded Boot cache: C:/Users/User/AppData/Local/UnrealEngine/4.22/DerivedDataCache/Boot.ddc
[2019.08.17-20.05.00:371][  0]LogDerivedDataCache: FDerivedDataBackendGraph:  Pak pak cache file D:/SystemFoldersHolder/DocumentsHolder/Unreal Projects/UsingGit/RTS_Lessons/DerivedDataCache/DDC.ddp not found, will not use a pak cache.
[2019.08.17-20.05.00:371][  0]LogDerivedDataCache: Unable to find inner node Pak for hierarchical cache Hierarchy.
[2019.08.17-20.05.00:371][  0]LogDerivedDataCache: FDerivedDataBackendGraph:  CompressedPak pak cache file D:/SystemFoldersHolder/DocumentsHolder/Unreal Projects/UsingGit/RTS_Lessons/DerivedDataCache/Compressed.ddp not found, will not use a pak cache.
[2019.08.17-20.05.00:371][  0]LogDerivedDataCache: Unable to find inner node CompressedPak for hierarchical cache Hierarchy.
[2019.08.17-20.05.00:393][  0]LogDerivedDataCache: Display: Pak cache opened for reading ../../../Engine/DerivedDataCache/Compressed.ddp.
[2019.08.17-20.05.00:393][  0]LogDerivedDataCache: FDerivedDataBackendGraph:  EnterprisePak pak cache file ../../../Enterprise/DerivedDataCache/Compressed.ddp not found, will not use a pak cache.
[2019.08.17-20.05.00:393][  0]LogDerivedDataCache: Unable to find inner node EnterprisePak for hierarchical cache Hierarchy.
[2019.08.17-20.05.00:405][  0]LogDerivedDataCache: Using Local data cache path C:/Users/User/AppData/Local/UnrealEngine/Common/DerivedDataCache: Writable
[2019.08.17-20.05.00:405][  0]LogDerivedDataCache: Shared data cache path not found in *engine.ini, will not use an Shared cache.
[2019.08.17-20.05.00:405][  0]LogDerivedDataCache: Unable to find inner node Shared for hierarchical cache Hierarchy.
[2019.08.17-20.05.00:434][  0]LogMaterial: Verifying Global Shaders for PCD3D_SM5
[2019.08.17-20.05.00:435][  0]LogSlate: Using FreeType 2.6.0
[2019.08.17-20.05.00:435][  0]LogSlate: SlateFontServices - WITH_FREETYPE: 1, WITH_HARFBUZZ: 1
[2019.08.17-20.05.00:556][  0]LogAssetRegistry: FAssetRegistry took 0.0343 seconds to start up
[2019.08.17-20.05.00:931][  0]LogInit: Selected Device Profile: [Windows]
[2019.08.17-20.05.01:209][  0]LogMeshReduction: Using QuadricMeshReduction for automatic static mesh reduction
[2019.08.17-20.05.01:209][  0]LogMeshReduction: Using SimplygonMeshReduction for automatic skeletal mesh reduction
[2019.08.17-20.05.01:209][  0]LogMeshReduction: Using ProxyLODMeshReduction for automatic mesh merging
[2019.08.17-20.05.01:209][  0]LogMeshReduction: No distributed automatic mesh merging module available
[2019.08.17-20.05.01:209][  0]LogMeshMerging: No distributed automatic mesh merging module available
[2019.08.17-20.05.01:247][  0]LogNetVersion: RTS_Lessons 1.0.0, NetCL: 5660361, EngineNetVer: 10, GameNetVer: 0 (Checksum: 1402424288)
[2019.08.17-20.05.02:386][  0]LogPackageLocalizationCache: Processed 10 localized package path(s) for 1 prioritized culture(s) in 0.054146 seconds
[2019.08.17-20.05.02:392][  0]LogUObjectArray: 42205 objects as part of root set at end of initial load.
[2019.08.17-20.05.02:392][  0]LogUObjectAllocator: 7325032 out of 0 bytes used by permanent object pool.
[2019.08.17-20.05.02:392][  0]LogUObjectArray: CloseDisregardForGC: 0/0 objects in disregard for GC pool
[2019.08.17-20.05.05:738][  0]LogTcpMessaging: Initializing TcpMessaging bridge
[2019.08.17-20.05.05:751][  0]LogUdpMessaging: Initializing bridge on interface 0.0.0.0:0 to multicast group 230.0.0.1:6666.
[2019.08.17-20.05.05:889][  0]LogScript: Warning: Script Msg: A null object was passed as a world context object to UEngine::GetWorldFromContextObject().
[2019.08.17-20.05.05:938][  0]LogLinker: Warning: Can't find file '/Game/Blueprints/CameraPawnBase'
[2019.08.17-20.05.05:938][  0]LogLinker: Warning: Can't find file '/Game/Blueprints/CameraPawnBase'
[2019.08.17-20.05.05:938][  0]LogUObjectGlobals: Warning: Failed to find object 'Class /Game/Blueprints/CameraPawnBase.CameraPawnBase_C'
[2019.08.17-20.05.05:938][  0]Error: CDO Constructor (RTS_LessonsGameMode): Failed to find /Game/Blueprints/CameraPawnBase.CameraPawnBase_C

[2019.08.17-20.05.05:938][  0]LogUObjectBase: Warning: -------------- Default Property warnings and errors:
[2019.08.17-20.05.05:938][  0]LogUObjectBase: Warning: Error: CDO Constructor (RTS_LessonsGameMode): Failed to find /Game/Blueprints/CameraPawnBase.CameraPawnBase_C

[2019.08.17-20.05.05:966][  0]LogWindowsTextInputMethodSystem: Display: IME system now deactivated.
[2019.08.17-20.05.07:670][  0]LogWindowsTextInputMethodSystem: Display: IME system now deactivated.
[2019.08.17-20.05.07:726][  0]SourceControl: Source control is disabled
[2019.08.17-20.05.07:727][  0]SourceControl: Source control is disabled
[2019.08.17-20.05.07:730][  0]SourceControl: Source control is disabled
[2019.08.17-20.05.07:731][  0]SourceControl: Source control is disabled
[2019.08.17-20.05.07:858][  0]LogAndroidPermission: UAndroidPermissionCallbackProxy::GetInstance
[2019.08.17-20.05.08:019][  0]LogOcInput: OculusInput pre-init called
[2019.08.17-20.05.08:971][  0]LogEngine: Initializing Engine...
[2019.08.17-20.05.08:972][  0]LogHMD: Failed to initialize OpenVR with code 110
[2019.08.17-20.05.08:974][  0]LogStats: UGameplayTagsManager::InitializeManager -  0.000 s
[2019.08.17-20.05.09:485][  0]LogInit: Initializing FReadOnlyCVARCache
[2019.08.17-20.05.09:502][  0]LogAIModule: Creating AISystem for world Untitled
[2019.08.17-20.05.09:532][  0]LogInit: XAudio2 using 'Speakers (6- USB Audio Device)' : 2 channels at 48 kHz using 16 bits per sample (channel mask 0x3)
[2019.08.17-20.05.09:593][  0]LogInit: FAudioDevice initialized.
[2019.08.17-20.05.09:593][  0]LogNetVersion: Set ProjectVersion to 1.0.0.0. Version Checksum will be recalculated on next use.
[2019.08.17-20.05.09:677][  0]LogDerivedDataCache: Saved boot cache 0.08s 71MB C:/Users/User/AppData/Local/UnrealEngine/4.22/DerivedDataCache/Boot.ddc.
[2019.08.17-20.05.09:685][  0]LogInit: Texture streaming: Enabled
[2019.08.17-20.05.09:714][  0]LogEngineSessionManager: EngineSessionManager initialized
[2019.08.17-20.05.09:714][  0]LogEngineSessionManager: EngineSessionManager sent abnormal shutdown report. Type=Crashed, SessionId={4B95341B-46BE-4433-11D1-F9854592291C}
[2019.08.17-20.05.09:714][  0]LogEngineSessionManager: EngineSessionManager sent abnormal shutdown report. Type=Debugger, SessionId={B1C8E53C-431E-01F8-BFB3-07B9D3B65C02}
[2019.08.17-20.05.09:753][  0]LogInit: Transaction tracking system initialized
[2019.08.17-20.05.09:800][  0]BlueprintLog: New page: Editor Load
[2019.08.17-20.05.09:935][  0]LocalizationService: Localization service is disabled
[2019.08.17-20.05.10:104][  0]LogLinker: Warning: Asset 'D:/SystemFoldersHolder/DocumentsHolder/Unreal Projects/UsingGit/RTS_Lessons/Content/TopDownCPP/TopDownOverview.uasset' has been saved with empty engine version. The asset will be loaded but may be incompatible.
[2019.08.17-20.05.10:644][  0]LogFileCache: Scanning file cache for directory 'D:/SystemFoldersHolder/DocumentsHolder/Unreal Projects/UsingGit/RTS_Lessons/Content/' took 0.02s
[2019.08.17-20.05.10:644][  0]LogCook: Display: Max memory allowance for cook 16384mb min free memory 0mb
[2019.08.17-20.05.10:644][  0]LogCook: Display: Mobile HDR setting 1
[2019.08.17-20.05.10:999][  0]SourceControl: Source control is disabled
[2019.08.17-20.05.10:999][  0]Cmd: MAP LOAD FILE="D:/SystemFoldersHolder/DocumentsHolder/Unreal Projects/UsingGit/RTS_Lessons/Content/TopDownCPP/Maps/TopDownExampleMap.umap" TEMPLATE=0 SHOWPROGRESS=1 FEATURELEVEL=3
[2019.08.17-20.05.11:000][  0]LightingResults: New page: Lighting Build
[2019.08.17-20.05.11:003][  0]MapCheck: New page: Map Check
[2019.08.17-20.05.11:003][  0]LightingResults: New page: Lighting Build
[2019.08.17-20.05.11:029][  0]LogUObjectHash: Compacting FUObjectHashTables data took   1.54ms
[2019.08.17-20.05.11:247][  0]LogScript: Warning: Script Msg: A null object was passed as a world context object to UEngine::GetWorldFromContextObject().
[2019.08.17-20.05.11:296][  0]LogAIModule: Creating AISystem for world TopDownExampleMap
[2019.08.17-20.05.11:344][  0]LogEditorServer: Finished looking for orphan Actors (0.000 secs)
[2019.08.17-20.05.11:376][  0]LogUObjectHash: Compacting FUObjectHashTables data took   1.87ms
[2019.08.17-20.05.11:376][  0]Cmd: MAP CHECKDEP NOCLEARLOG
[2019.08.17-20.05.11:376][  0]MapCheck: Map check complete: 0 Error(s), 0 Warning(s), took 0.096ms to complete.
[2019.08.17-20.05.11:376][  0]LogFileHelpers: Loading map 'TopDownExampleMap' took 0.376
[2019.08.17-20.05.11:442][  0]LogWindowsTextInputMethodSystem: Display: IME system now deactivated.
[2019.08.17-20.05.11:513][  0]LogSlate: Updating window title bar state: overlay mode, drag disabled, window buttons hidden, title bar hidden
[2019.08.17-20.05.11:522][  0]LogSlate: Updating window title bar state: overlay mode, drag disabled, window buttons hidden, title bar hidden
[2019.08.17-20.05.11:531][  0]LogSlate: Updating window title bar state: overlay mode, drag disabled, window buttons hidden, title bar hidden
[2019.08.17-20.05.11:542][  0]LogSlate: Updating window title bar state: overlay mode, drag disabled, window buttons hidden, title bar hidden
[2019.08.17-20.05.11:628][  0]LogCollectionManager: Loaded 0 collections in 0.002069 seconds
[2019.08.17-20.05.11:645][  0]LogFileCache: Scanning file cache for directory 'D:/SystemFoldersHolder/DocumentsHolder/Unreal Projects/UsingGit/RTS_Lessons/Saved/Collections/' took 0.01s
[2019.08.17-20.05.11:645][  0]LogFileCache: Scanning file cache for directory 'D:/SystemFoldersHolder/DocumentsHolder/Unreal Projects/UsingGit/RTS_Lessons/Content/Developers/User/Collections/' took 0.00s
[2019.08.17-20.05.11:645][  0]LogFileCache: Scanning file cache for directory 'D:/SystemFoldersHolder/DocumentsHolder/Unreal Projects/UsingGit/RTS_Lessons/Content/Collections/' took 0.00s
[2019.08.17-20.05.11:645][  0]LogCollectionManager: Rebuilt the GUID cache for 0 collections in 0.000000 seconds
[2019.08.17-20.05.11:654][  0]LogContentBrowser: Native class hierarchy populated in 0.0095 seconds. Added 2738 classes and 663 folders.
[2019.08.17-20.05.11:664][  0]LogContentBrowser: Native class hierarchy updated for 'WidgetCarousel' in 0.0003 seconds. Added 0 classes and 0 folders.
[2019.08.17-20.05.11:670][  0]LogPakFile: Registered encryption key '00000000000000000000000000000000': 0 pak files mounted, 0 remain pending
[2019.08.17-20.05.11:676][  0]LogPakFile: Registered encryption key '00000000000000000000000000000000': 0 pak files mounted, 0 remain pending
[2019.08.17-20.05.11:691][  0]LogPakFile: Registered encryption key '00000000000000000000000000000000': 0 pak files mounted, 0 remain pending
[2019.08.17-20.05.11:696][  0]LogPakFile: Registered encryption key '00000000000000000000000000000000': 0 pak files mounted, 0 remain pending
[2019.08.17-20.05.11:701][  0]LogPakFile: Registered encryption key '00000000000000000000000000000000': 0 pak files mounted, 0 remain pending
[2019.08.17-20.05.11:706][  0]LogPakFile: Registered encryption key '00000000000000000000000000000000': 0 pak files mounted, 0 remain pending
[2019.08.17-20.05.11:711][  0]LogPakFile: Registered encryption key '00000000000000000000000000000000': 0 pak files mounted, 0 remain pending
[2019.08.17-20.05.11:715][  0]LogPakFile: Registered encryption key '00000000000000000000000000000000': 0 pak files mounted, 0 remain pending
[2019.08.17-20.05.11:721][  0]LogPakFile: Registered encryption key '00000000000000000000000000000000': 0 pak files mounted, 0 remain pending
[2019.08.17-20.05.11:728][  0]LogPakFile: Registered encryption key '00000000000000000000000000000000': 0 pak files mounted, 0 remain pending
[2019.08.17-20.05.11:732][  0]LogPakFile: Registered encryption key '00000000000000000000000000000000': 0 pak files mounted, 0 remain pending
[2019.08.17-20.05.11:737][  0]LogPakFile: Registered encryption key '00000000000000000000000000000000': 0 pak files mounted, 0 remain pending
[2019.08.17-20.05.11:742][  0]LogPakFile: Registered encryption key '00000000000000000000000000000000': 0 pak files mounted, 0 remain pending
[2019.08.17-20.05.11:748][  0]LogPakFile: Registered encryption key '00000000000000000000000000000000': 0 pak files mounted, 0 remain pending
[2019.08.17-20.05.11:754][  0]LogPakFile: Registered encryption key '00000000000000000000000000000000': 0 pak files mounted, 0 remain pending
[2019.08.17-20.05.11:759][  0]LogPakFile: Registered encryption key '00000000000000000000000000000000': 0 pak files mounted, 0 remain pending
[2019.08.17-20.05.11:788][  0]LogPakFile: Registered encryption key '00000000000000000000000000000000': 0 pak files mounted, 0 remain pending
[2019.08.17-20.05.11:792][  0]LogPakFile: Registered encryption key '00000000000000000000000000000000': 0 pak files mounted, 0 remain pending
[2019.08.17-20.05.11:797][  0]LogPakFile: Registered encryption key '00000000000000000000000000000000': 0 pak files mounted, 0 remain pending
[2019.08.17-20.05.11:802][  0]LogPakFile: Registered encryption key '00000000000000000000000000000000': 0 pak files mounted, 0 remain pending
[2019.08.17-20.05.11:807][  0]LogPakFile: Registered encryption key '00000000000000000000000000000000': 0 pak files mounted, 0 remain pending
[2019.08.17-20.05.11:811][  0]LogPakFile: Registered encryption key '00000000000000000000000000000000': 0 pak files mounted, 0 remain pending
[2019.08.17-20.05.11:816][  0]LogPakFile: Registered encryption key '00000000000000000000000000000000': 0 pak files mounted, 0 remain pending
[2019.08.17-20.05.11:822][  0]LogPakFile: Registered encryption key '00000000000000000000000000000000': 0 pak files mounted, 0 remain pending
[2019.08.17-20.05.11:827][  0]LogPakFile: Registered encryption key '00000000000000000000000000000000': 0 pak files mounted, 0 remain pending
[2019.08.17-20.05.11:831][  0]LogPakFile: Registered encryption key '00000000000000000000000000000000': 0 pak files mounted, 0 remain pending
[2019.08.17-20.05.11:970][  0]LogContentBrowser: Native class hierarchy updated for 'AddContentDialog' in 0.0004 seconds. Added 0 classes and 0 folders.
[2019.08.17-20.05.13:290][  0]LogSlate: Only BGRA pngs, bmps or icos are supported in by External Image Picker
[2019.08.17-20.05.13:320][  0]LogSlate: Took 0.000231 seconds to synchronously load lazily loaded font '../../../Engine/Content/Slate/Fonts/Roboto-Regular.ttf' (155K)
[2019.08.17-20.05.13:323][  0]LogSlate: Took 0.000259 seconds to synchronously load lazily loaded font '../../../Engine/Content/Slate/Fonts/Roboto-Bold.ttf' (160K)
[2019.08.17-20.05.13:340][  0]LogSlate: Took 0.007820 seconds to synchronously load lazily loaded font '../../../Engine/Content/Editor/Slate/Fonts/FontAwesome.ttf' (139K)
[2019.08.17-20.05.13:499][  0]LogRenderer: Reallocating scene render targets to support 736x404 Format 10 NumSamples 1 (Frame:1).
[2019.08.17-20.05.13:586][  0]LogSlate: Took 0.004927 seconds to synchronously load lazily loaded font '../../../Engine/Content/Slate/Fonts/Roboto-Light.ttf' (167K)
[2019.08.17-20.05.13:683][  0]LogContentBrowser: Native class hierarchy updated for 'HierarchicalLODOutliner' in 0.0003 seconds. Added 0 classes and 0 folders.
[2019.08.17-20.05.13:683][  0]LogLoad: (Engine Initialization) Total time: 22.73 seconds
[2019.08.17-20.05.13:684][  0]LogLoad: (Engine Initialization) Total Blueprint compile time: 0.00 seconds
[2019.08.17-20.05.13:866][  0]LogAssetRegistry: Asset discovery search completed in 13.3331 seconds
[2019.08.17-20.05.13:868][  0]LogCollectionManager: Rebuilt the object cache for 0 collections in 0.000000 seconds (found 0 objects)
[2019.08.17-20.05.13:868][  0]LogCollectionManager: Fixed up redirectors for 0 collections in 0.000045 seconds (updated 0 objects)
[2019.08.17-20.05.13:870][  0]LogContentStreaming: Texture pool size now 1000 MB
[2019.08.17-20.06.21:385][528]LogSlate: FSceneViewport::OnFocusLost() reason 2
[2019.08.17-20.06.22:719][607]Candidate modules for hot reload:
[2019.08.17-20.06.22:719][607]  RTS_Lessons
[2019.08.17-20.06.22:719][607]Launching UnrealBuildTool... [C:/Program Files/Epic Games/UE_4.22/Engine/Binaries/DotNET/UnrealBuildTool.exe  -ModuleWithSuffix=RTS_Lessons,5186 Win64 Development -TargetType=Editor -Project="D:/SystemFoldersHolder/DocumentsHolder/Unreal Projects/UsingGit/RTS_Lessons/RTS_Lessons.uproject" "D:/SystemFoldersHolder/DocumentsHolder/Unreal Projects/UsingGit/RTS_Lessons/RTS_Lessons.uproject"  -IgnoreJunk]
[2019.08.17-20.06.22:727][607]Warning: Starting HotReload took  0.0s.
[2019.08.17-20.06.35:659][747]CompilerResultsLog: New page: Compilation - Aug 17, 2019, 10:06:35 AM
[2019.08.17-20.06.35:659][747]CompilerResultsLog: Using 'git status' to determine working set for adaptive non-unity build (D:\SystemFoldersHolder\DocumentsHolder\Unreal Projects\UsingGit).
[2019.08.17-20.06.35:659][747]CompilerResultsLog: Creating makefile for RTS_LessonsEditor (ini files are newer than makefile)
[2019.08.17-20.06.35:659][747]CompilerResultsLog: Parsing headers for RTS_LessonsEditor
[2019.08.17-20.06.35:659][747]CompilerResultsLog:   Running UnrealHeaderTool "D:\SystemFoldersHolder\DocumentsHolder\Unreal Projects\UsingGit\RTS_Lessons\RTS_Lessons.uproject" "D:\SystemFoldersHolder\DocumentsHolder\Unreal Projects\UsingGit\RTS_Lessons\Intermediate\Build\Win64\RTS_LessonsEditor\Development\RTS_LessonsEditor.uhtmanifest" -LogCmds="loginit warning, logexit warning, logdatabase error" -Unattended -WarningsAsErrors -installed
[2019.08.17-20.06.35:659][747]CompilerResultsLog: Reflection code generated for RTS_LessonsEditor in 7.1672009 seconds
[2019.08.17-20.06.35:659][747]CompilerResultsLog: Using Visual Studio 2019 14.22.27905 toolchain (C:\Program Files (x86)\Microsoft Visual Studio\2019\Community\VC\Tools\MSVC\14.22.27905) and Windows 10.0.18362.0 SDK (C:\Program Files (x86)\Windows Kits\10).
[2019.08.17-20.06.35:659][747]CompilerResultsLog: Building 4 actions with 8 processes...
[2019.08.17-20.06.35:659][747]CompilerResultsLog:   [1/4] CameraPawnBase.cpp
[2019.08.17-20.06.35:659][747]CompilerResultsLog:   [2/4] UE4Editor-RTS_Lessons-5186.lib
[2019.08.17-20.06.35:659][747]CompilerResultsLog:      Creating library D:\SystemFoldersHolder\DocumentsHolder\Unreal Projects\UsingGit\RTS_Lessons\Intermediate\Build\Win64\UE4Editor\Development\RTS_Lessons\UE4Editor-RTS_Lessons-5186.lib and object D:\SystemFoldersHolder\DocumentsHolder\Unreal Projects\UsingGit\RTS_Lessons\Intermediate\Build\Win64\UE4Editor\Development\RTS_Lessons\UE4Editor-RTS_Lessons-5186.exp
[2019.08.17-20.06.35:659][747]CompilerResultsLog:   [3/4] UE4Editor-RTS_Lessons-5186.dll
[2019.08.17-20.06.35:659][747]CompilerResultsLog:      Creating library D:\SystemFoldersHolder\DocumentsHolder\Unreal Projects\UsingGit\RTS_Lessons\Intermediate\Build\Win64\UE4Editor\Development\RTS_Lessons\UE4Editor-RTS_Lessons-5186.suppressed.lib and object D:\SystemFoldersHolder\DocumentsHolder\Unreal Projects\UsingGit\RTS_Lessons\Intermediate\Build\Win64\UE4Editor\Development\RTS_Lessons\UE4Editor-RTS_Lessons-5186.suppressed.exp
[2019.08.17-20.06.35:659][747]CompilerResultsLog:   [4/4] RTS_LessonsEditor.target
[2019.08.17-20.06.35:659][747]CompilerResultsLog: Total time in Parallel executor: 2.48 seconds
[2019.08.17-20.06.35:659][747]CompilerResultsLog: Total execution time: 12.49 seconds
[2019.08.17-20.06.35:659][747]LogMainFrame: MainFrame: Module compiling took 12.945 seconds
[2019.08.17-20.06.35:686][747]LogUObjectHash: Compacting FUObjectHashTables data took   0.61ms
[2019.08.17-20.06.35:715][747]LogScript: Warning: Script Msg: A null object was passed as a world context object to UEngine::GetWorldFromContextObject().
[2019.08.17-20.06.35:720][747]Error: CDO Constructor (RTS_LessonsGameMode): Failed to find /Game/Blueprints/CameraPawnBase.CameraPawnBase_C

[2019.08.17-20.06.35:721][747]LogContentBrowser: Native class hierarchy updated for 'RTS_Lessons' in 0.0003 seconds. Added 5 classes and 2 folders.
[2019.08.17-20.06.35:721][747]Warning: Some classes could not be reloaded:
Error: CDO Constructor (RTS_LessonsGameMode): Failed to find /Game/Blueprints/CameraPawnBase.CameraPawnBase_C


[2019.08.17-20.06.35:723][747]Display: HotReload successful (0 functions remapped  0 scriptstructs remapped)
[2019.08.17-20.06.35:852][747]LogUObjectHash: Compacting FUObjectHashTables data took   1.85ms
[2019.08.17-20.06.35:867][747]LogContentBrowser: Native class hierarchy populated in 0.0103 seconds. Added 2738 classes and 663 folders.
[2019.08.17-20.06.35:867][747]Display: HotReload took 13.2s.
[2019.08.17-20.13.13:804][169]LogSlate: FSceneViewport::OnFocusLost() reason 0
[2019.08.17-20.13.23:776][666]LogRenderer: Reallocating scene render targets to support 736x408 Format 10 NumSamples 1 (Frame:1081).
[2019.08.17-20.13.23:821][667]LogRenderer: Reallocating scene render targets to support 736x420 Format 10 NumSamples 1 (Frame:1083).
[2019.08.17-20.13.23:869][668]LogRenderer: Reallocating scene render targets to support 736x432 Format 10 NumSamples 1 (Frame:1085).
[2019.08.17-20.13.23:913][669]LogRenderer: Reallocating scene render targets to support 736x436 Format 10 NumSamples 1 (Frame:1087).
[2019.08.17-20.13.23:960][670]LogRenderer: Reallocating scene render targets to support 736x444 Format 10 NumSamples 1 (Frame:1089).
[2019.08.17-20.13.24:435][696]LogRenderer: Reallocating scene render targets to support 736x448 Format 10 NumSamples 1 (Frame:1093).
[2019.08.17-20.13.24:483][697]LogRenderer: Reallocating scene render targets to support 736x452 Format 10 NumSamples 1 (Frame:1095).
[2019.08.17-20.13.24:530][698]LogRenderer: Reallocating scene render targets to support 736x456 Format 10 NumSamples 1 (Frame:1097).
[2019.08.17-20.13.29:820][ 14]LogRenderer: Reallocating scene render targets to support 740x456 Format 10 NumSamples 1 (Frame:1299).
[2019.08.17-20.13.29:864][ 15]LogRenderer: Reallocating scene render targets to support 752x456 Format 10 NumSamples 1 (Frame:1301).
[2019.08.17-20.13.29:920][ 16]LogRenderer: Reallocating scene render targets to support 780x456 Format 10 NumSamples 1 (Frame:1303).
[2019.08.17-20.13.29:971][ 17]LogRenderer: Reallocating scene render targets to support 808x456 Format 10 NumSamples 1 (Frame:1305).
[2019.08.17-20.13.30:017][ 18]LogRenderer: Reallocating scene render targets to support 828x456 Format 10 NumSamples 1 (Frame:1307).
[2019.08.17-20.13.30:063][ 19]LogRenderer: Reallocating scene render targets to support 840x456 Format 10 NumSamples 1 (Frame:1309).
[2019.08.17-20.13.32:789][180]LogRenderer: Reallocating scene render targets to support 844x456 Format 10 NumSamples 1 (Frame:1426).
[2019.08.17-20.13.32:872][182]LogRenderer: Reallocating scene render targets to support 852x456 Format 10 NumSamples 1 (Frame:1430).
[2019.08.17-20.13.33:759][234]LogRenderer: Reallocating scene render targets to support 856x456 Format 10 NumSamples 1 (Frame:1432).
[2019.08.17-20.13.33:804][235]LogRenderer: Reallocating scene render targets to support 864x456 Format 10 NumSamples 1 (Frame:1434).
[2019.08.17-20.13.33:851][236]LogRenderer: Reallocating scene render targets to support 876x456 Format 10 NumSamples 1 (Frame:1436).
[2019.08.17-20.13.33:899][237]LogRenderer: Reallocating scene render targets to support 880x456 Format 10 NumSamples 1 (Frame:1438).
[2019.08.17-20.13.33:946][238]LogRenderer: Reallocating scene render targets to support 884x456 Format 10 NumSamples 1 (Frame:1440).
[2019.08.17-20.13.34:121][246]LogRenderer: Reallocating scene render targets to support 896x456 Format 10 NumSamples 1 (Frame:1444).
[2019.08.17-20.13.39:897][577]LogUObjectHash: Compacting FUObjectHashTables data took   0.72ms
[2019.08.17-20.13.40:819][632]Candidate modules for hot reload:
[2019.08.17-20.13.40:820][632]  RTS_Lessons
[2019.08.17-20.13.40:820][632]Launching UnrealBuildTool... [C:/Program Files/Epic Games/UE_4.22/Engine/Binaries/DotNET/UnrealBuildTool.exe  -ModuleWithSuffix=RTS_Lessons,618 Win64 Development -TargetType=Editor -Project="D:/SystemFoldersHolder/DocumentsHolder/Unreal Projects/UsingGit/RTS_Lessons/RTS_Lessons.uproject" "D:/SystemFoldersHolder/DocumentsHolder/Unreal Projects/UsingGit/RTS_Lessons/RTS_Lessons.uproject"  -IgnoreJunk]
[2019.08.17-20.13.40:829][632]Warning: Starting HotReload took  0.0s.
[2019.08.17-20.13.51:813][282]CompilerResultsLog: New page: Compilation - Aug 17, 2019, 10:13:51 AM
[2019.08.17-20.13.51:814][282]CompilerResultsLog: Using 'git status' to determine working set for adaptive non-unity build (D:\SystemFoldersHolder\DocumentsHolder\Unreal Projects\UsingGit).
[2019.08.17-20.13.51:814][282]CompilerResultsLog: Parsing headers for RTS_LessonsEditor
[2019.08.17-20.13.51:814][282]CompilerResultsLog:   Running UnrealHeaderTool "D:\SystemFoldersHolder\DocumentsHolder\Unreal Projects\UsingGit\RTS_Lessons\RTS_Lessons.uproject" "D:\SystemFoldersHolder\DocumentsHolder\Unreal Projects\UsingGit\RTS_Lessons\Intermediate\Build\Win64\RTS_LessonsEditor\Development\RTS_LessonsEditor.uhtmanifest" -LogCmds="loginit warning, logexit warning, logdatabase error" -Unattended -WarningsAsErrors -installed
[2019.08.17-20.13.51:814][282]CompilerResultsLog: Reflection code generated for RTS_LessonsEditor in 8.0967139 seconds
[2019.08.17-20.13.51:814][282]CompilerResultsLog: Using Visual Studio 2019 14.22.27905 toolchain (C:\Program Files (x86)\Microsoft Visual Studio\2019\Community\VC\Tools\MSVC\14.22.27905) and Windows 10.0.18362.0 SDK (C:\Program Files (x86)\Windows Kits\10).
[2019.08.17-20.13.51:814][282]CompilerResultsLog: Building 4 actions with 8 processes...
[2019.08.17-20.13.51:814][282]CompilerResultsLog:   [1/4] CameraPawnBase.cpp
[2019.08.17-20.13.51:814][282]CompilerResultsLog:    D:\SystemFoldersHolder\DocumentsHolder\Unreal Projects\UsingGit\RTS_Lessons\Source\RTS_Lessons\CameraPawnBase.cpp(84) : error C2059: syntax error: '}'
[2019.08.17-20.13.51:814][282]CompilerResultsLog:   D:\SystemFoldersHolder\DocumentsHolder\Unreal Projects\UsingGit\RTS_Lessons\Source\RTS_Lessons\CameraPawnBase.cpp(88): fatal error C1075: '{': no matching token found
[2019.08.17-20.13.51:814][282]LogMainFrame: MainFrame: Module compiling took 11.000 seconds
[2019.08.17-20.13.51:814][282]Warning: HotReload failed, recompile failed
[2019.08.17-20.14.25:965][802]LogSlate: Window 'Message Log' being destroyed
[2019.08.17-20.14.25:970][802]LogSlate: Window 'Message Log' being destroyed
[2019.08.17-20.14.30:238][ 12]LogUObjectHash: Compacting FUObjectHashTables data took   0.66ms
[2019.08.17-20.14.33:225][191]Candidate modules for hot reload:
[2019.08.17-20.14.33:225][191]  RTS_Lessons
[2019.08.17-20.14.33:226][191]Launching UnrealBuildTool... [C:/Program Files/Epic Games/UE_4.22/Engine/Binaries/DotNET/UnrealBuildTool.exe  -ModuleWithSuffix=RTS_Lessons,840 Win64 Development -TargetType=Editor -Project="D:/SystemFoldersHolder/DocumentsHolder/Unreal Projects/UsingGit/RTS_Lessons/RTS_Lessons.uproject" "D:/SystemFoldersHolder/DocumentsHolder/Unreal Projects/UsingGit/RTS_Lessons/RTS_Lessons.uproject"  -IgnoreJunk]
[2019.08.17-20.14.33:236][191]Warning: Starting HotReload took  0.0s.
[2019.08.17-20.14.48:995][977]CompilerResultsLog: New page: Compilation - Aug 17, 2019, 10:14:48 AM
[2019.08.17-20.14.48:995][977]CompilerResultsLog: Using 'git status' to determine working set for adaptive non-unity build (D:\SystemFoldersHolder\DocumentsHolder\Unreal Projects\UsingGit).
[2019.08.17-20.14.48:995][977]CompilerResultsLog: Parsing headers for RTS_LessonsEditor
[2019.08.17-20.14.48:995][977]CompilerResultsLog:   Running UnrealHeaderTool "D:\SystemFoldersHolder\DocumentsHolder\Unreal Projects\UsingGit\RTS_Lessons\RTS_Lessons.uproject" "D:\SystemFoldersHolder\DocumentsHolder\Unreal Projects\UsingGit\RTS_Lessons\Intermediate\Build\Win64\RTS_LessonsEditor\Development\RTS_LessonsEditor.uhtmanifest" -LogCmds="loginit warning, logexit warning, logdatabase error" -Unattended -WarningsAsErrors -installed
[2019.08.17-20.14.48:995][977]CompilerResultsLog: Reflection code generated for RTS_LessonsEditor in 8.1040182 seconds
[2019.08.17-20.14.48:995][977]CompilerResultsLog: Using Visual Studio 2019 14.22.27905 toolchain (C:\Program Files (x86)\Microsoft Visual Studio\2019\Community\VC\Tools\MSVC\14.22.27905) and Windows 10.0.18362.0 SDK (C:\Program Files (x86)\Windows Kits\10).
[2019.08.17-20.14.48:995][977]CompilerResultsLog: Building 4 actions with 8 processes...
[2019.08.17-20.14.48:995][977]CompilerResultsLog:   [1/4] CameraPawnBase.cpp
[2019.08.17-20.14.48:995][977]CompilerResultsLog:   [2/4] UE4Editor-RTS_Lessons-0840.lib
[2019.08.17-20.14.48:995][977]CompilerResultsLog:      Creating library D:\SystemFoldersHolder\DocumentsHolder\Unreal Projects\UsingGit\RTS_Lessons\Intermediate\Build\Win64\UE4Editor\Development\RTS_Lessons\UE4Editor-RTS_Lessons-0840.lib and object D:\SystemFoldersHolder\DocumentsHolder\Unreal Projects\UsingGit\RTS_Lessons\Intermediate\Build\Win64\UE4Editor\Development\RTS_Lessons\UE4Editor-RTS_Lessons-0840.exp
[2019.08.17-20.14.48:995][977]CompilerResultsLog:   [3/4] UE4Editor-RTS_Lessons-0840.dll
[2019.08.17-20.14.48:995][977]CompilerResultsLog:      Creating library D:\SystemFoldersHolder\DocumentsHolder\Unreal Projects\UsingGit\RTS_Lessons\Intermediate\Build\Win64\UE4Editor\Development\RTS_Lessons\UE4Editor-RTS_Lessons-0840.suppressed.lib and object D:\SystemFoldersHolder\DocumentsHolder\Unreal Projects\UsingGit\RTS_Lessons\Intermediate\Build\Win64\UE4Editor\Development\RTS_Lessons\UE4Editor-RTS_Lessons-0840.suppressed.exp
[2019.08.17-20.14.48:995][977]CompilerResultsLog:   [4/4] RTS_LessonsEditor.target
[2019.08.17-20.14.48:995][977]CompilerResultsLog: Total time in Parallel executor: 5.96 seconds
[2019.08.17-20.14.48:995][977]CompilerResultsLog: Total execution time: 15.54 seconds
[2019.08.17-20.14.48:995][977]LogMainFrame: MainFrame: Module compiling took 15.774 seconds
[2019.08.17-20.14.49:025][977]LogUObjectHash: Compacting FUObjectHashTables data took   0.55ms
[2019.08.17-20.14.49:039][977]LogContentBrowser: Native class hierarchy populated in 0.0099 seconds. Added 2738 classes and 663 folders.
[2019.08.17-20.14.49:039][977]Display: HotReload took 15.8s.
[2019.08.17-20.16.41:474][722]LogTemp: Repeating last play command: Selected Viewport
[2019.08.17-20.16.41:499][722]LogBlueprintUserMessages: Early PlayInEditor Detection: Level '/Game/TopDownCPP/Maps/TopDownExampleMap.TopDownExampleMap:PersistentLevel' has LevelScriptBlueprint '/Game/TopDownCPP/Maps/TopDownExampleMap.TopDownExampleMap:PersistentLevel.TopDownExampleMap' with GeneratedClass '/Game/TopDownCPP/Maps/TopDownExampleMap.TopDownExampleMap_C' with ClassGeneratedBy '/Game/TopDownCPP/Maps/TopDownExampleMap.TopDownExampleMap:PersistentLevel.TopDownExampleMap'
[2019.08.17-20.16.41:499][722]LogPlayLevel: PlayLevel: No blueprints needed recompiling
[2019.08.17-20.16.41:499][722]PIE: New page: PIE session: TopDownExampleMap (Aug 17, 2019, 10:16:41 AM)
[2019.08.17-20.16.41:512][722]LogPlayLevel: Creating play world package: /Game/TopDownCPP/Maps/UEDPIE_0_TopDownExampleMap
[2019.08.17-20.16.41:514][722]LogScript: Warning: Script Msg: A null object was passed as a world context object to UEngine::GetWorldFromContextObject().
[2019.08.17-20.16.41:537][722]LogPlayLevel: PIE: StaticDuplicateObject took: (0.024352s)
[2019.08.17-20.16.41:539][722]LogAIModule: Creating AISystem for world TopDownExampleMap
[2019.08.17-20.16.41:539][722]LogPlayLevel: PIE: World Init took: (0.001911s)
[2019.08.17-20.16.41:539][722]LogPlayLevel: PIE: Created PIE world by copying editor world from /Game/TopDownCPP/Maps/TopDownExampleMap.TopDownExampleMap to /Game/TopDownCPP/Maps/UEDPIE_0_TopDownExampleMap.TopDownExampleMap (0.026785s)
[2019.08.17-20.16.41:572][722]LogUObjectHash: Compacting FUObjectHashTables data took   1.14ms
[2019.08.17-20.16.41:589][722]LogInit: XAudio2 using 'Speakers (6- USB Audio Device)' : 2 channels at 48 kHz using 16 bits per sample (channel mask 0x3)
[2019.08.17-20.16.41:610][722]LogInit: FAudioDevice initialized.
[2019.08.17-20.16.41:651][722]LogLoad: Game class is 'RTS_LessonsGameMode'
[2019.08.17-20.16.41:654][722]LogWorld: Bringing World /Game/TopDownCPP/Maps/UEDPIE_0_TopDownExampleMap.TopDownExampleMap up for play (max tick rate 60) at 2019.08.17-15.16.41
[2019.08.17-20.16.41:655][722]LogWorld: Bringing up level for play took: 0.001715
[2019.08.17-20.16.41:701][722]LogContentBrowser: Native class hierarchy updated for 'MovieSceneCapture' in 0.0004 seconds. Added 20 classes and 0 folders.
[2019.08.17-20.16.41:702][722]PIE: Play in editor start time for /Game/TopDownCPP/Maps/UEDPIE_0_TopDownExampleMap 0.506
[2019.08.17-20.16.41:702][722]LogBlueprintUserMessages: Late PlayInEditor Detection: Level '/Game/TopDownCPP/Maps/TopDownExampleMap.TopDownExampleMap:PersistentLevel' has LevelScriptBlueprint '/Game/TopDownCPP/Maps/TopDownExampleMap.TopDownExampleMap:PersistentLevel.TopDownExampleMap' with GeneratedClass '/Game/TopDownCPP/Maps/TopDownExampleMap.TopDownExampleMap_C' with ClassGeneratedBy '/Game/TopDownCPP/Maps/TopDownExampleMap.TopDownExampleMap:PersistentLevel.TopDownExampleMap'
[2019.08.17-20.16.43:324][722]LogWindows: Error: === Critical error: ===
[2019.08.17-20.16.43:324][722]LogWindows: Error: 
[2019.08.17-20.16.43:324][722]LogWindows: Error: Fatal error!
[2019.08.17-20.16.43:324][722]LogWindows: Error: 
[2019.08.17-20.16.43:324][722]LogWindows: Error: Unhandled Exception: EXCEPTION_ACCESS_VIOLATION reading address 0x00000528
[2019.08.17-20.16.43:324][722]LogWindows: Error: 
[2019.08.17-20.16.43:324][722]LogWindows: Error: [Callstack] 0x00007ffa38f2914e UE4Editor-Engine.dll!UnknownFunction []
[2019.08.17-20.16.43:324][722]LogWindows: Error: [Callstack] 0x00007ffa0e203b09 UE4Editor-RTS_Lessons-5186.dll!ACameraPawnBase::MoveForward() [D:\SystemFoldersHolder\DocumentsHolder\Unreal Projects\UsingGit\RTS_Lessons\Source\RTS_Lessons\CameraPawnBase.cpp:76]
[2019.08.17-20.16.43:324][722]LogWindows: Error: [Callstack] 0x00007ffa393c1204 UE4Editor-Engine.dll!UnknownFunction []
[2019.08.17-20.16.43:324][722]LogWindows: Error: [Callstack] 0x00007ffa38f30dc4 UE4Editor-Engine.dll!UnknownFunction []
[2019.08.17-20.16.43:324][722]LogWindows: Error: [Callstack] 0x00007ffa38f43c88 UE4Editor-Engine.dll!UnknownFunction []
[2019.08.17-20.16.43:324][722]LogWindows: Error: [Callstack] 0x00007ffa38f2f1cb UE4Editor-Engine.dll!UnknownFunction []
[2019.08.17-20.16.43:324][722]LogWindows: Error: [Callstack] 0x00007ffa0e206f12 UE4Editor-RTS_Lessons-5186.dll!ARTS_LessonsPlayerController::PlayerTick() [D:\SystemFoldersHolder\DocumentsHolder\Unreal Projects\UsingGit\RTS_Lessons\Source\RTS_Lessons\RTS_LessonsPlayerController.cpp:21]
[2019.08.17-20.16.43:324][722]LogWindows: Error: [Callstack] 0x00007ffa38f42697 UE4Editor-Engine.dll!UnknownFunction []
[2019.08.17-20.16.43:324][722]LogWindows: Error: [Callstack] 0x00007ffa3832aeed UE4Editor-Engine.dll!UnknownFunction []
[2019.08.17-20.16.43:324][722]LogWindows: Error: [Callstack] 0x00007ffa392e72bc UE4Editor-Engine.dll!UnknownFunction []
[2019.08.17-20.16.43:324][722]LogWindows: Error: [Callstack] 0x00007ffa5e6122d8 UE4Editor-Core.dll!UnknownFunction []
[2019.08.17-20.16.43:324][722]LogWindows: Error: [Callstack] 0x00007ffa5e612563 UE4Editor-Core.dll!UnknownFunction []
[2019.08.17-20.16.43:324][722]LogWindows: Error: [Callstack] 0x00007ffa5e622309 UE4Editor-Core.dll!UnknownFunction []
[2019.08.17-20.16.43:324][722]LogWindows: Error: [Callstack] 0x00007ffa3932f9e3 UE4Editor-Engine.dll!UnknownFunction []
[2019.08.17-20.16.43:324][722]LogWindows: Error: [Callstack] 0x00007ffa3933bd12 UE4Editor-Engine.dll!UnknownFunction []
[2019.08.17-20.16.43:324][722]LogWindows: Error: [Callstack] 0x00007ffa38b5dc4f UE4Editor-Engine.dll!UnknownFunction []
[2019.08.17-20.16.43:324][722]LogWindows: Error: [Callstack] 0x00007ffa38b67e28 UE4Editor-Engine.dll!UnknownFunction []
[2019.08.17-20.16.43:324][722]LogWindows: Error: [Callstack] 0x00007ffa424b02f7 UE4Editor-UnrealEd.dll!UnknownFunction []
[2019.08.17-20.16.43:324][722]LogWindows: Error: [Callstack] 0x00007ffa42ccd396 UE4Editor-UnrealEd.dll!UnknownFunction []
[2019.08.17-20.16.43:324][722]LogWindows: Error: [Callstack] 0x00007ff6a7ec6bb1 UE4Editor.exe!UnknownFunction []
[2019.08.17-20.16.43:324][722]LogWindows: Error: [Callstack] 0x00007ff6a7ed554c UE4Editor.exe!UnknownFunction []
[2019.08.17-20.16.43:324][722]LogWindows: Error: [Callstack] 0x00007ff6a7ed55ca UE4Editor.exe!UnknownFunction []
[2019.08.17-20.16.43:324][722]LogWindows: Error: [Callstack] 0x00007ff6a7ee316c UE4Editor.exe!UnknownFunction []
[2019.08.17-20.16.43:324][722]LogWindows: Error: [Callstack] 0x00007ff6a7ee5b8e UE4Editor.exe!UnknownFunction []
[2019.08.17-20.16.43:324][722]LogWindows: Error: [Callstack] 0x00007ffa991d4034 KERNEL32.DLL!UnknownFunction []
[2019.08.17-20.16.43:324][722]LogWindows: Error: [Callstack] 0x00007ffa9b7d3691 ntdll.dll!UnknownFunction []
[2019.08.17-20.16.43:324][722]LogWindows: Error: 
[2019.08.17-20.16.43:379][722]LogExit: Executing StaticShutdownAfterError
[2019.08.17-20.16.43:381][722]LogWindows: FPlatformMisc::RequestExit(1)
[2019.08.17-20.16.43:412][722]Log file closed, 08/17/19 15:16:43
